# JRE version: OpenJDK Runtime Environment (11.0.8+10) (build 11.0.8+10-b944.6842174)
# Java VM: OpenJDK 64-Bit Server VM (11.0.8+10-b944.6842174, mixed mode, tiered, compressed oops, g1 gc, windows-amd64)
Heap:
 garbage-first heap   total 657408K, used 188332K [0x0000000080000000, 0x0000000100000000)
  region size 1024K, 2 young (2048K), 2 survivors (2048K)
 Metaspace       used 109448K, capacity 112182K, committed 112380K, reserved 1146880K
  class space    used 14135K, capacity 15146K, committed 15232K, reserved 1048576K
GC Heap History (20 events):
Event: 50.488 GC heap after
{Heap after GC invocations=50 (full 0):
 garbage-first heap   total 192512K, used 135577K [0x0000000080000000, 0x0000000100000000)
  region size 1024K, 4 young (4096K), 4 survivors (4096K)
 Metaspace       used 105521K, capacity 108088K, committed 108156K, reserved 1142784K
  class space    used 13852K, capacity 14818K, committed 14848K, reserved 1048576K
}
Event: 50.555 GC heap before
{Heap before GC invocations=50 (full 0):
 garbage-first heap   total 192512K, used 140697K [0x0000000080000000, 0x0000000100000000)
  region size 1024K, 9 young (9216K), 4 survivors (4096K)
 Metaspace       used 105653K, capacity 108171K, committed 108412K, reserved 1142784K
  class space    used 13869K, capacity 14824K, committed 14848K, reserved 1048576K
}
Event: 50.581 GC heap after
{Heap after GC invocations=51 (full 0):
 garbage-first heap   total 192512K, used 137866K [0x0000000080000000, 0x0000000100000000)
  region size 1024K, 2 young (2048K), 2 survivors (2048K)
 Metaspace       used 105653K, capacity 108171K, committed 108412K, reserved 1142784K
  class space    used 13869K, capacity 14824K, committed 14848K, reserved 1048576K
}
Event: 50.894 GC heap before
{Heap before GC invocations=51 (full 0):
 garbage-first heap   total 192512K, used 157322K [0x0000000080000000, 0x0000000100000000)
  region size 1024K, 21 young (21504K), 2 survivors (2048K)
 Metaspace       used 106235K, capacity 108856K, committed 109052K, reserved 1142784K
  class space    used 13942K, capacity 14927K, committed 14976K, reserved 1048576K
}
Event: 50.925 GC heap after
{Heap after GC invocations=52 (full 0):
 garbage-first heap   total 235520K, used 147450K [0x0000000080000000, 0x0000000100000000)
  region size 1024K, 3 young (3072K), 3 survivors (3072K)
 Metaspace       used 106235K, capacity 108856K, committed 109052K, reserved 1142784K
  class space    used 13942K, capacity 14927K, committed 14976K, reserved 1048576K
}
Event: 51.886 GC heap before
{Heap before GC invocations=53 (full 0):
 garbage-first heap   total 235520K, used 176122K [0x0000000080000000, 0x0000000100000000)
  region size 1024K, 32 young (32768K), 3 survivors (3072K)
 Metaspace       used 107008K, capacity 109695K, committed 109948K, reserved 1144832K
  class space    used 14023K, capacity 15029K, committed 15104K, reserved 1048576K
}
Event: 51.928 GC heap after
{Heap after GC invocations=54 (full 0):
 garbage-first heap   total 235520K, used 160702K [0x0000000080000000, 0x0000000100000000)
  region size 1024K, 4 young (4096K), 4 survivors (4096K)
 Metaspace       used 107008K, capacity 109695K, committed 109948K, reserved 1144832K
  class space    used 14023K, capacity 15029K, committed 15104K, reserved 1048576K
}
Event: 52.207 GC heap before
{Heap before GC invocations=54 (full 0):
 garbage-first heap   total 235520K, used 184254K [0x0000000080000000, 0x0000000100000000)
  region size 1024K, 28 young (28672K), 4 survivors (4096K)
 Metaspace       used 107409K, capacity 110063K, committed 110204K, reserved 1144832K
  class space    used 14078K, capacity 15065K, committed 15104K, reserved 1048576K
}
Event: 52.243 GC heap after
{Heap after GC invocations=55 (full 0):
 garbage-first heap   total 235520K, used 172532K [0x0000000080000000, 0x0000000100000000)
  region size 1024K, 4 young (4096K), 4 survivors (4096K)
 Metaspace       used 107409K, capacity 110063K, committed 110204K, reserved 1144832K
  class space    used 14078K, capacity 15065K, committed 15104K, reserved 1048576K
}
Event: 52.951 GC heap before
{Heap before GC invocations=55 (full 0):
 garbage-first heap   total 235520K, used 190964K [0x0000000080000000, 0x0000000100000000)
  region size 1024K, 23 young (23552K), 4 survivors (4096K)
 Metaspace       used 107805K, capacity 110508K, committed 110716K, reserved 1144832K
  class space    used 14089K, capacity 15077K, committed 15104K, reserved 1048576K
}
Event: 52.981 GC heap after
{Heap after GC invocations=56 (full 0):
 garbage-first heap   total 235520K, used 175135K [0x0000000080000000, 0x0000000100000000)
  region size 1024K, 2 young (2048K), 2 survivors (2048K)
 Metaspace       used 107805K, capacity 110508K, committed 110716K, reserved 1144832K
  class space    used 14089K, capacity 15077K, committed 15104K, reserved 1048576K
}
Event: 53.748 GC heap before
{Heap before GC invocations=57 (full 0):
 garbage-first heap   total 235520K, used 193567K [0x0000000080000000, 0x0000000100000000)
  region size 1024K, 21 young (21504K), 2 survivors (2048K)
 Metaspace       used 108032K, capacity 110707K, committed 110844K, reserved 1144832K
  class space    used 14098K, capacity 15116K, committed 15232K, reserved 1048576K
}
Event: 53.828 GC heap after
{Heap after GC invocations=58 (full 0):
 garbage-first heap   total 333824K, used 178990K [0x0000000080000000, 0x0000000100000000)
  region size 1024K, 3 young (3072K), 3 survivors (3072K)
 Metaspace       used 108032K, capacity 110707K, committed 110844K, reserved 1144832K
  class space    used 14098K, capacity 15116K, committed 15232K, reserved 1048576K
}
Event: 54.313 GC heap before
{Heap before GC invocations=58 (full 0):
 garbage-first heap   total 333824K, used 192302K [0x0000000080000000, 0x0000000100000000)
  region size 1024K, 16 young (16384K), 3 survivors (3072K)
 Metaspace       used 108120K, capacity 110843K, committed 111100K, reserved 1144832K
  class space    used 14099K, capacity 15116K, committed 15232K, reserved 1048576K
}
Event: 54.358 GC heap after
{Heap after GC invocations=59 (full 0):
 garbage-first heap   total 333824K, used 183686K [0x0000000080000000, 0x0000000100000000)
  region size 1024K, 2 young (2048K), 2 survivors (2048K)
 Metaspace       used 108120K, capacity 110843K, committed 111100K, reserved 1144832K
  class space    used 14099K, capacity 15116K, committed 15232K, reserved 1048576K
}
Event: 55.393 GC heap before
{Heap before GC invocations=59 (full 0):
 garbage-first heap   total 333824K, used 234886K [0x0000000080000000, 0x0000000100000000)
  region size 1024K, 50 young (51200K), 2 survivors (2048K)
 Metaspace       used 108835K, capacity 111545K, committed 111868K, reserved 1146880K
  class space    used 14129K, capacity 15140K, committed 15232K, reserved 1048576K
}
Event: 55.422 GC heap after
{Heap after GC invocations=60 (full 0):
 garbage-first heap   total 333824K, used 189316K [0x0000000080000000, 0x0000000100000000)
  region size 1024K, 7 young (7168K), 7 survivors (7168K)
 Metaspace       used 108835K, capacity 111545K, committed 111868K, reserved 1146880K
  class space    used 14129K, capacity 15140K, committed 15232K, reserved 1048576K
}
Event: 57.709 GC heap before
{Heap before GC invocations=61 (full 0):
 garbage-first heap   total 333824K, used 237444K [0x0000000080000000, 0x0000000100000000)
  region size 1024K, 56 young (57344K), 7 survivors (7168K)
 Metaspace       used 109397K, capacity 112160K, committed 112380K, reserved 1146880K
  class space    used 14131K, capacity 15140K, committed 15232K, reserved 1048576K
}
Event: 57.797 GC heap after
{Heap after GC invocations=62 (full 0):
 garbage-first heap   total 333824K, used 193278K [0x0000000080000000, 0x0000000100000000)
  region size 1024K, 7 young (7168K), 7 survivors (7168K)
 Metaspace       used 109397K, capacity 112160K, committed 112380K, reserved 1146880K
  class space    used 14131K, capacity 15140K, committed 15232K, reserved 1048576K
}
Event: 58.327 GC heap before
{Heap before GC invocations=62 (full 0):
 garbage-first heap   total 333824K, used 206590K [0x0000000080000000, 0x0000000100000000)
  region size 1024K, 16 young (16384K), 7 survivors (7168K)
 Metaspace       used 109448K, capacity 112182K, committed 112380K, reserved 1146880K
  class space    used 14135K, capacity 15146K, committed 15232K, reserved 1048576K
}

