# JRE version: OpenJDK Runtime Environment (11.0.8+10) (build 11.0.8+10-b944.6842174)
# Java VM: OpenJDK 64-Bit Server VM (11.0.8+10-b944.6842174, mixed mode, tiered, compressed oops, g1 gc, windows-amd64)
Heap:
 garbage-first heap   total 76800K, used 32607K [0x00000000c2800000, 0x0000000100000000)
  region size 1024K, 9 young (9216K), 2 survivors (2048K)
 Metaspace       used 42832K, capacity 43303K, committed 43472K, reserved 1087488K
  class space    used 5129K, capacity 5305K, committed 5376K, reserved 1048576K
GC Heap History (16 events):
Event: 0.665 GC heap before
{Heap before GC invocations=0 (full 0):
 garbage-first heap   total 63488K, used 17408K [0x00000000c2800000, 0x0000000100000000)
  region size 1024K, 14 young (14336K), 0 survivors (0K)
 Metaspace       used 9781K, capacity 9935K, committed 10112K, reserved 1058816K
  class space    used 832K, capacity 884K, committed 896K, reserved 1048576K
}
Event: 0.669 GC heap after
{Heap after GC invocations=1 (full 0):
 garbage-first heap   total 63488K, used 5132K [0x00000000c2800000, 0x0000000100000000)
  region size 1024K, 2 young (2048K), 2 survivors (2048K)
 Metaspace       used 9781K, capacity 9935K, committed 10112K, reserved 1058816K
  class space    used 832K, capacity 884K, committed 896K, reserved 1048576K
}
Event: 1.669 GC heap before
{Heap before GC invocations=1 (full 0):
 garbage-first heap   total 63488K, used 40972K [0x00000000c2800000, 0x0000000100000000)
  region size 1024K, 37 young (37888K), 2 survivors (2048K)
 Metaspace       used 18044K, capacity 18211K, committed 18432K, reserved 1064960K
  class space    used 1844K, capacity 1936K, committed 2048K, reserved 1048576K
}
Event: 1.683 GC heap after
{Heap after GC invocations=2 (full 0):
 garbage-first heap   total 63488K, used 8835K [0x00000000c2800000, 0x0000000100000000)
  region size 1024K, 5 young (5120K), 5 survivors (5120K)
 Metaspace       used 18044K, capacity 18211K, committed 18432K, reserved 1064960K
  class space    used 1844K, capacity 1936K, committed 2048K, reserved 1048576K
}
Event: 1.904 GC heap before
{Heap before GC invocations=2 (full 0):
 garbage-first heap   total 63488K, used 18051K [0x00000000c2800000, 0x0000000100000000)
  region size 1024K, 15 young (15360K), 5 survivors (5120K)
 Metaspace       used 20904K, capacity 21101K, committed 21248K, reserved 1069056K
  class space    used 2220K, capacity 2286K, committed 2304K, reserved 1048576K
}
Event: 1.924 GC heap after
{Heap after GC invocations=3 (full 0):
 garbage-first heap   total 63488K, used 9542K [0x00000000c2800000, 0x0000000100000000)
  region size 1024K, 1 young (1024K), 1 survivors (1024K)
 Metaspace       used 20904K, capacity 21101K, committed 21248K, reserved 1069056K
  class space    used 2220K, capacity 2286K, committed 2304K, reserved 1048576K
}
Event: 2.537 GC heap before
{Heap before GC invocations=4 (full 0):
 garbage-first heap   total 63488K, used 37190K [0x00000000c2800000, 0x0000000100000000)
  region size 1024K, 23 young (23552K), 1 survivors (1024K)
 Metaspace       used 26584K, capacity 26960K, committed 27132K, reserved 1073152K
  class space    used 2840K, capacity 2973K, committed 3072K, reserved 1048576K
}
Event: 2.545 GC heap after
{Heap after GC invocations=5 (full 0):
 garbage-first heap   total 63488K, used 17017K [0x00000000c2800000, 0x0000000100000000)
  region size 1024K, 2 young (2048K), 2 survivors (2048K)
 Metaspace       used 26584K, capacity 26960K, committed 27132K, reserved 1073152K
  class space    used 2840K, capacity 2973K, committed 3072K, reserved 1048576K
}
Event: 3.419 GC heap before
{Heap before GC invocations=5 (full 0):
 garbage-first heap   total 63488K, used 40569K [0x00000000c2800000, 0x0000000100000000)
  region size 1024K, 24 young (24576K), 2 survivors (2048K)
 Metaspace       used 30523K, capacity 30952K, committed 31228K, reserved 1077248K
  class space    used 3621K, capacity 3792K, committed 3840K, reserved 1048576K
}
Event: 3.442 GC heap after
{Heap after GC invocations=6 (full 0):
 garbage-first heap   total 76800K, used 22861K [0x00000000c2800000, 0x0000000100000000)
  region size 1024K, 3 young (3072K), 3 survivors (3072K)
 Metaspace       used 30523K, capacity 30952K, committed 31228K, reserved 1077248K
  class space    used 3621K, capacity 3792K, committed 3840K, reserved 1048576K
}
Event: 4.231 GC heap before
{Heap before GC invocations=6 (full 0):
 garbage-first heap   total 76800K, used 46413K [0x00000000c2800000, 0x0000000100000000)
  region size 1024K, 27 young (27648K), 3 survivors (3072K)
 Metaspace       used 35606K, capacity 36020K, committed 36048K, reserved 1081344K
  class space    used 4176K, capacity 4348K, committed 4352K, reserved 1048576K
}
Event: 4.250 GC heap after
{Heap after GC invocations=7 (full 0):
 garbage-first heap   total 76800K, used 25683K [0x00000000c2800000, 0x0000000100000000)
  region size 1024K, 3 young (3072K), 3 survivors (3072K)
 Metaspace       used 35606K, capacity 36020K, committed 36048K, reserved 1081344K
  class space    used 4176K, capacity 4348K, committed 4352K, reserved 1048576K
}
Event: 4.256 GC heap before
{Heap before GC invocations=7 (full 0):
 garbage-first heap   total 76800K, used 25683K [0x00000000c2800000, 0x0000000100000000)
  region size 1024K, 4 young (4096K), 3 survivors (3072K)
 Metaspace       used 35639K, capacity 36020K, committed 36048K, reserved 1081344K
  class space    used 4178K, capacity 4348K, committed 4352K, reserved 1048576K
}
Event: 4.265 GC heap after
{Heap after GC invocations=8 (full 0):
 garbage-first heap   total 76800K, used 26083K [0x00000000c2800000, 0x0000000100000000)
  region size 1024K, 1 young (1024K), 1 survivors (1024K)
 Metaspace       used 35639K, capacity 36020K, committed 36048K, reserved 1081344K
  class space    used 4178K, capacity 4348K, committed 4352K, reserved 1048576K
}
Event: 4.915 GC heap before
{Heap before GC invocations=9 (full 0):
 garbage-first heap   total 76800K, used 49635K [0x00000000c2800000, 0x0000000100000000)
  region size 1024K, 25 young (25600K), 1 survivors (1024K)
 Metaspace       used 41115K, capacity 41577K, committed 41680K, reserved 1085440K
  class space    used 4911K, capacity 5091K, committed 5120K, reserved 1048576K
}
Event: 4.922 GC heap after
{Heap after GC invocations=10 (full 0):
 garbage-first heap   total 76800K, used 27487K [0x00000000c2800000, 0x0000000100000000)
  region size 1024K, 2 young (2048K), 2 survivors (2048K)
 Metaspace       used 41115K, capacity 41577K, committed 41680K, reserved 1085440K
  class space    used 4911K, capacity 5091K, committed 5120K, reserved 1048576K
}

