# JRE version: OpenJDK Runtime Environment (11.0.8+10) (build 11.0.8+10-b944.6842174)
# Java VM: OpenJDK 64-Bit Server VM (11.0.8+10-b944.6842174, mixed mode, tiered, compressed oops, g1 gc, windows-amd64)
Heap:
 garbage-first heap   total 286720K, used 189440K [0x0000000080000000, 0x0000000100000000)
  region size 1024K, 43 young (44032K), 6 survivors (6144K)
 Metaspace       used 105241K, capacity 107714K, committed 107776K, reserved 1142784K
  class space    used 13415K, capacity 14308K, committed 14336K, reserved 1048576K
GC Heap History (20 events):
Event: 27.792 GC heap before
{Heap before GC invocations=36 (full 0):
 garbage-first heap   total 192512K, used 134144K [0x0000000080000000, 0x0000000100000000)
  region size 1024K, 42 young (43008K), 5 survivors (5120K)
 Metaspace       used 87465K, capacity 89464K, committed 89600K, reserved 1126400K
  class space    used 11015K, capacity 11717K, committed 11776K, reserved 1048576K
}
Event: 27.809 GC heap after
{Heap after GC invocations=37 (full 0):
 garbage-first heap   total 192512K, used 102209K [0x0000000080000000, 0x0000000100000000)
  region size 1024K, 5 young (5120K), 5 survivors (5120K)
 Metaspace       used 87465K, capacity 89464K, committed 89600K, reserved 1126400K
  class space    used 11015K, capacity 11717K, committed 11776K, reserved 1048576K
}
Event: 28.957 GC heap before
{Heap before GC invocations=38 (full 0):
 garbage-first heap   total 192512K, used 127809K [0x0000000080000000, 0x0000000100000000)
  region size 1024K, 42 young (43008K), 5 survivors (5120K)
 Metaspace       used 88258K, capacity 90227K, committed 90496K, reserved 1128448K
  class space    used 11093K, capacity 11800K, committed 11904K, reserved 1048576K
}
Event: 28.970 GC heap after
{Heap after GC invocations=39 (full 0):
 garbage-first heap   total 231424K, used 87665K [0x0000000080000000, 0x0000000100000000)
  region size 1024K, 1 young (1024K), 1 survivors (1024K)
 Metaspace       used 88258K, capacity 90227K, committed 90496K, reserved 1128448K
  class space    used 11093K, capacity 11800K, committed 11904K, reserved 1048576K
}
Event: 29.618 GC heap before
{Heap before GC invocations=39 (full 0):
 garbage-first heap   total 231424K, used 96881K [0x0000000080000000, 0x0000000100000000)
  region size 1024K, 11 young (11264K), 1 survivors (1024K)
 Metaspace       used 88587K, capacity 90577K, committed 90752K, reserved 1128448K
  class space    used 11112K, capacity 11810K, committed 11904K, reserved 1048576K
}
Event: 29.624 GC heap after
{Heap after GC invocations=40 (full 0):
 garbage-first heap   total 231424K, used 81867K [0x0000000080000000, 0x0000000100000000)
  region size 1024K, 1 young (1024K), 1 survivors (1024K)
 Metaspace       used 88587K, capacity 90577K, committed 90752K, reserved 1128448K
  class space    used 11112K, capacity 11810K, committed 11904K, reserved 1048576K
}
Event: 31.859 GC heap before
{Heap before GC invocations=40 (full 0):
 garbage-first heap   total 231424K, used 146379K [0x0000000080000000, 0x0000000100000000)
  region size 1024K, 65 young (66560K), 1 survivors (1024K)
 Metaspace       used 90790K, capacity 92744K, committed 93056K, reserved 1130496K
  class space    used 11362K, capacity 12072K, committed 12160K, reserved 1048576K
}
Event: 31.872 GC heap after
{Heap after GC invocations=41 (full 0):
 garbage-first heap   total 231424K, used 84403K [0x0000000080000000, 0x0000000100000000)
  region size 1024K, 4 young (4096K), 4 survivors (4096K)
 Metaspace       used 90790K, capacity 92744K, committed 93056K, reserved 1130496K
  class space    used 11362K, capacity 12072K, committed 12160K, reserved 1048576K
}
Event: 32.951 GC heap before
{Heap before GC invocations=41 (full 0):
 garbage-first heap   total 231424K, used 155059K [0x0000000080000000, 0x0000000100000000)
  region size 1024K, 74 young (75776K), 4 survivors (4096K)
 Metaspace       used 94640K, capacity 96745K, committed 96896K, reserved 1134592K
  class space    used 11889K, capacity 12609K, committed 12672K, reserved 1048576K
}
Event: 32.966 GC heap after
{Heap after GC invocations=42 (full 0):
 garbage-first heap   total 231424K, used 87441K [0x0000000080000000, 0x0000000100000000)
  region size 1024K, 7 young (7168K), 7 survivors (7168K)
 Metaspace       used 94640K, capacity 96745K, committed 96896K, reserved 1134592K
  class space    used 11889K, capacity 12609K, committed 12672K, reserved 1048576K
}
Event: 34.495 GC heap before
{Heap before GC invocations=42 (full 0):
 garbage-first heap   total 231424K, used 164241K [0x0000000080000000, 0x0000000100000000)
  region size 1024K, 83 young (84992K), 7 survivors (7168K)
 Metaspace       used 102033K, capacity 104343K, committed 104448K, reserved 1140736K
  class space    used 12921K, capacity 13741K, committed 13824K, reserved 1048576K
}
Event: 34.524 GC heap after
{Heap after GC invocations=43 (full 0):
 garbage-first heap   total 231424K, used 94128K [0x0000000080000000, 0x0000000100000000)
  region size 1024K, 11 young (11264K), 11 survivors (11264K)
 Metaspace       used 102033K, capacity 104343K, committed 104448K, reserved 1140736K
  class space    used 12921K, capacity 13741K, committed 13824K, reserved 1048576K
}
Event: 35.054 GC heap before
{Heap before GC invocations=43 (full 0):
 garbage-first heap   total 231424K, used 136112K [0x0000000080000000, 0x0000000100000000)
  region size 1024K, 33 young (33792K), 11 survivors (11264K)
 Metaspace       used 103590K, capacity 106047K, committed 106240K, reserved 1140736K
  class space    used 13152K, capacity 14023K, committed 14080K, reserved 1048576K
}
Event: 35.085 GC heap after
{Heap after GC invocations=44 (full 0):
 garbage-first heap   total 231424K, used 112723K [0x0000000080000000, 0x0000000100000000)
  region size 1024K, 9 young (9216K), 9 survivors (9216K)
 Metaspace       used 103590K, capacity 106047K, committed 106240K, reserved 1140736K
  class space    used 13152K, capacity 14023K, committed 14080K, reserved 1048576K
}
Event: 35.917 GC heap before
{Heap before GC invocations=45 (full 0):
 garbage-first heap   total 231424K, used 165971K [0x0000000080000000, 0x0000000100000000)
  region size 1024K, 58 young (59392K), 9 survivors (9216K)
 Metaspace       used 104920K, capacity 107419K, committed 107520K, reserved 1142784K
  class space    used 13411K, capacity 14309K, committed 14336K, reserved 1048576K
}
Event: 35.980 GC heap after
{Heap after GC invocations=46 (full 0):
 garbage-first heap   total 231424K, used 133120K [0x0000000080000000, 0x0000000100000000)
  region size 1024K, 8 young (8192K), 8 survivors (8192K)
 Metaspace       used 104920K, capacity 107419K, committed 107520K, reserved 1142784K
  class space    used 13411K, capacity 14309K, committed 14336K, reserved 1048576K
}
Event: 36.008 GC heap before
{Heap before GC invocations=46 (full 0):
 garbage-first heap   total 231424K, used 136192K [0x0000000080000000, 0x0000000100000000)
  region size 1024K, 11 young (11264K), 8 survivors (8192K)
 Metaspace       used 104922K, capacity 107419K, committed 107520K, reserved 1142784K
  class space    used 13411K, capacity 14309K, committed 14336K, reserved 1048576K
}
Event: 36.045 GC heap after
{Heap after GC invocations=47 (full 0):
 garbage-first heap   total 231424K, used 130048K [0x0000000080000000, 0x0000000100000000)
  region size 1024K, 2 young (2048K), 2 survivors (2048K)
 Metaspace       used 104922K, capacity 107419K, committed 107520K, reserved 1142784K
  class space    used 13411K, capacity 14309K, committed 14336K, reserved 1048576K
}
Event: 36.460 GC heap before
{Heap before GC invocations=47 (full 0):
 garbage-first heap   total 231424K, used 171008K [0x0000000080000000, 0x0000000100000000)
  region size 1024K, 42 young (43008K), 2 survivors (2048K)
 Metaspace       used 105035K, capacity 107497K, committed 107776K, reserved 1142784K
  class space    used 13411K, capacity 14309K, committed 14336K, reserved 1048576K
}
Event: 36.513 GC heap after
{Heap after GC invocations=48 (full 0):
 garbage-first heap   total 286720K, used 152576K [0x0000000080000000, 0x0000000100000000)
  region size 1024K, 6 young (6144K), 6 survivors (6144K)
 Metaspace       used 105035K, capacity 107497K, committed 107776K, reserved 1142784K
  class space    used 13411K, capacity 14309K, committed 14336K, reserved 1048576K
}

