# JRE version: OpenJDK Runtime Environment (11.0.8+10) (build 11.0.8+10-b944.6842174)
# Java VM: OpenJDK 64-Bit Server VM (11.0.8+10-b944.6842174, mixed mode, tiered, compressed oops, g1 gc, windows-amd64)
Heap:
 garbage-first heap   total 415744K, used 297161K [0x0000000080000000, 0x0000000100000000)
  region size 1024K, 177 young (181248K), 3 survivors (3072K)
 Metaspace       used 122338K, capacity 126074K, committed 126288K, reserved 1159168K
  class space    used 15357K, capacity 16719K, committed 16768K, reserved 1048576K
GC Heap History (20 events):
Event: 31.614 GC heap before
{Heap before GC invocations=50 (full 0):
 garbage-first heap   total 339968K, used 253850K [0x0000000080000000, 0x0000000100000000)
  region size 1024K, 73 young (74752K), 9 survivors (9216K)
 Metaspace       used 95188K, capacity 97438K, committed 97616K, reserved 1134592K
  class space    used 12313K, capacity 13155K, committed 13184K, reserved 1048576K
}
Event: 31.644 GC heap after
{Heap after GC invocations=51 (full 0):
 garbage-first heap   total 415744K, used 193340K [0x0000000080000000, 0x0000000100000000)
  region size 1024K, 6 young (6144K), 6 survivors (6144K)
 Metaspace       used 95188K, capacity 97438K, committed 97616K, reserved 1134592K
  class space    used 12313K, capacity 13155K, committed 13184K, reserved 1048576K
}
Event: 57.538 GC heap before
{Heap before GC invocations=51 (full 0):
 garbage-first heap   total 415744K, used 277308K [0x0000000080000000, 0x0000000100000000)
  region size 1024K, 89 young (91136K), 6 survivors (6144K)
 Metaspace       used 101424K, capacity 103911K, committed 104016K, reserved 1138688K
  class space    used 13165K, capacity 14124K, committed 14208K, reserved 1048576K
}
Event: 57.574 GC heap after
{Heap after GC invocations=52 (full 0):
 garbage-first heap   total 415744K, used 189926K [0x0000000080000000, 0x0000000100000000)
  region size 1024K, 10 young (10240K), 10 survivors (10240K)
 Metaspace       used 101424K, capacity 103911K, committed 104016K, reserved 1138688K
  class space    used 13165K, capacity 14124K, committed 14208K, reserved 1048576K
}
Event: 65.545 GC heap before
{Heap before GC invocations=53 (full 0):
 garbage-first heap   total 415744K, used 312806K [0x0000000080000000, 0x0000000100000000)
  region size 1024K, 147 young (150528K), 10 survivors (10240K)
 Metaspace       used 112239K, capacity 115126K, committed 115280K, reserved 1148928K
  class space    used 14432K, capacity 15477K, committed 15488K, reserved 1048576K
}
Event: 65.595 GC heap after
{Heap after GC invocations=54 (full 0):
 garbage-first heap   total 415744K, used 181577K [0x0000000080000000, 0x0000000100000000)
  region size 1024K, 18 young (18432K), 18 survivors (18432K)
 Metaspace       used 112239K, capacity 115126K, committed 115280K, reserved 1148928K
  class space    used 14432K, capacity 15477K, committed 15488K, reserved 1048576K
}
Event: 65.677 GC heap before
{Heap before GC invocations=54 (full 0):
 garbage-first heap   total 415744K, used 183625K [0x0000000080000000, 0x0000000100000000)
  region size 1024K, 20 young (20480K), 18 survivors (18432K)
 Metaspace       used 112258K, capacity 115126K, committed 115280K, reserved 1148928K
  class space    used 14432K, capacity 15477K, committed 15488K, reserved 1048576K
}
Event: 65.728 GC heap after
{Heap after GC invocations=55 (full 0):
 garbage-first heap   total 415744K, used 168037K [0x0000000080000000, 0x0000000100000000)
  region size 1024K, 2 young (2048K), 2 survivors (2048K)
 Metaspace       used 112258K, capacity 115126K, committed 115280K, reserved 1148928K
  class space    used 14432K, capacity 15477K, committed 15488K, reserved 1048576K
}
Event: 68.831 GC heap before
{Heap before GC invocations=55 (full 0):
 garbage-first heap   total 415744K, used 267365K [0x0000000080000000, 0x0000000100000000)
  region size 1024K, 81 young (82944K), 2 survivors (2048K)
 Metaspace       used 114767K, capacity 117668K, committed 117712K, reserved 1150976K
  class space    used 14744K, capacity 15834K, committed 15872K, reserved 1048576K
}
Event: 68.842 GC heap after
{Heap after GC invocations=56 (full 0):
 garbage-first heap   total 415744K, used 170043K [0x0000000080000000, 0x0000000100000000)
  region size 1024K, 2 young (2048K), 2 survivors (2048K)
 Metaspace       used 114767K, capacity 117668K, committed 117712K, reserved 1150976K
  class space    used 14744K, capacity 15834K, committed 15872K, reserved 1048576K
}
Event: 80.717 GC heap before
{Heap before GC invocations=57 (full 0):
 garbage-first heap   total 415744K, used 294870K [0x0000000080000000, 0x0000000100000000)
  region size 1024K, 145 young (148480K), 2 survivors (2048K)
 Metaspace       used 118732K, capacity 121748K, committed 121808K, reserved 1155072K
  class space    used 15005K, capacity 16109K, committed 16128K, reserved 1048576K
}
Event: 80.742 GC heap after
{Heap after GC invocations=58 (full 0):
 garbage-first heap   total 415744K, used 141798K [0x0000000080000000, 0x0000000100000000)
  region size 1024K, 8 young (8192K), 8 survivors (8192K)
 Metaspace       used 118732K, capacity 121748K, committed 121808K, reserved 1155072K
  class space    used 15005K, capacity 16109K, committed 16128K, reserved 1048576K
}
Event: 81.031 GC heap before
{Heap before GC invocations=58 (full 0):
 garbage-first heap   total 415744K, used 153062K [0x0000000080000000, 0x0000000100000000)
  region size 1024K, 20 young (20480K), 8 survivors (8192K)
 Metaspace       used 118748K, capacity 121748K, committed 121808K, reserved 1155072K
  class space    used 15005K, capacity 16109K, committed 16128K, reserved 1048576K
}
Event: 81.051 GC heap after
{Heap after GC invocations=59 (full 0):
 garbage-first heap   total 415744K, used 119018K [0x0000000080000000, 0x0000000100000000)
  region size 1024K, 1 young (1024K), 1 survivors (1024K)
 Metaspace       used 118748K, capacity 121748K, committed 121808K, reserved 1155072K
  class space    used 15005K, capacity 16109K, committed 16128K, reserved 1048576K
}
Event: 194.049 GC heap before
{Heap before GC invocations=59 (full 0):
 garbage-first heap   total 415744K, used 284906K [0x0000000080000000, 0x0000000100000000)
  region size 1024K, 164 young (167936K), 1 survivors (1024K)
 Metaspace       used 119432K, capacity 122504K, committed 122704K, reserved 1155072K
  class space    used 15037K, capacity 16164K, committed 16256K, reserved 1048576K
}
Event: 194.058 GC heap after
{Heap after GC invocations=60 (full 0):
 garbage-first heap   total 415744K, used 119994K [0x0000000080000000, 0x0000000100000000)
  region size 1024K, 2 young (2048K), 2 survivors (2048K)
 Metaspace       used 119432K, capacity 122504K, committed 122704K, reserved 1155072K
  class space    used 15037K, capacity 16164K, committed 16256K, reserved 1048576K
}
Event: 234.285 GC heap before
{Heap before GC invocations=60 (full 0):
 garbage-first heap   total 415744K, used 319674K [0x0000000080000000, 0x0000000100000000)
  region size 1024K, 198 young (202752K), 2 survivors (2048K)
 Metaspace       used 119997K, capacity 123145K, committed 123216K, reserved 1157120K
  class space    used 15066K, capacity 16217K, committed 16256K, reserved 1048576K
}
Event: 234.308 GC heap after
{Heap after GC invocations=61 (full 0):
 garbage-first heap   total 415744K, used 124227K [0x0000000080000000, 0x0000000100000000)
  region size 1024K, 7 young (7168K), 7 survivors (7168K)
 Metaspace       used 119997K, capacity 123145K, committed 123216K, reserved 1157120K
  class space    used 15066K, capacity 16217K, committed 16256K, reserved 1048576K
}
Event: 323.984 GC heap before
{Heap before GC invocations=61 (full 0):
 garbage-first heap   total 415744K, used 331075K [0x0000000080000000, 0x0000000100000000)
  region size 1024K, 210 young (215040K), 7 survivors (7168K)
 Metaspace       used 121043K, capacity 124284K, committed 124368K, reserved 1157120K
  class space    used 15168K, capacity 16372K, committed 16384K, reserved 1048576K
}
Event: 323.999 GC heap after
{Heap after GC invocations=62 (full 0):
 garbage-first heap   total 415744K, used 121033K [0x0000000080000000, 0x0000000100000000)
  region size 1024K, 3 young (3072K), 3 survivors (3072K)
 Metaspace       used 121043K, capacity 124284K, committed 124368K, reserved 1157120K
  class space    used 15168K, capacity 16372K, committed 16384K, reserved 1048576K
}

