# JRE version: OpenJDK Runtime Environment (11.0.8+10) (build 11.0.8+10-b944.6842174)
# Java VM: OpenJDK 64-Bit Server VM (11.0.8+10-b944.6842174, mixed mode, tiered, compressed oops, g1 gc, windows-amd64)
Heap:
 garbage-first heap   total 133120K, used 70024K [0x0000000080000000, 0x0000000100000000)
  region size 1024K, 20 young (20480K), 6 survivors (6144K)
 Metaspace       used 71012K, capacity 72650K, committed 72832K, reserved 1112064K
  class space    used 9254K, capacity 9827K, committed 9856K, reserved 1048576K
GC Heap History (20 events):
Event: 8.073 GC heap before
{Heap before GC invocations=13 (full 0):
 garbage-first heap   total 92160K, used 54814K [0x0000000080000000, 0x0000000100000000)
  region size 1024K, 33 young (33792K), 2 survivors (2048K)
 Metaspace       used 40853K, capacity 41766K, committed 41984K, reserved 1085440K
  class space    used 5210K, capacity 5533K, committed 5632K, reserved 1048576K
}
Event: 8.083 GC heap after
{Heap after GC invocations=14 (full 0):
 garbage-first heap   total 92160K, used 25073K [0x0000000080000000, 0x0000000100000000)
  region size 1024K, 4 young (4096K), 4 survivors (4096K)
 Metaspace       used 40853K, capacity 41766K, committed 41984K, reserved 1085440K
  class space    used 5210K, capacity 5533K, committed 5632K, reserved 1048576K
}
Event: 8.964 GC heap before
{Heap before GC invocations=14 (full 0):
 garbage-first heap   total 92160K, used 57841K [0x0000000080000000, 0x0000000100000000)
  region size 1024K, 36 young (36864K), 4 survivors (4096K)
 Metaspace       used 43522K, capacity 44492K, committed 44672K, reserved 1087488K
  class space    used 5579K, capacity 5935K, committed 6016K, reserved 1048576K
}
Event: 8.977 GC heap after
{Heap after GC invocations=15 (full 0):
 garbage-first heap   total 92160K, used 27121K [0x0000000080000000, 0x0000000100000000)
  region size 1024K, 5 young (5120K), 5 survivors (5120K)
 Metaspace       used 43522K, capacity 44492K, committed 44672K, reserved 1087488K
  class space    used 5579K, capacity 5935K, committed 6016K, reserved 1048576K
}
Event: 9.703 GC heap before
{Heap before GC invocations=15 (full 0):
 garbage-first heap   total 92160K, used 58865K [0x0000000080000000, 0x0000000100000000)
  region size 1024K, 37 young (37888K), 5 survivors (5120K)
 Metaspace       used 44573K, capacity 45600K, committed 45824K, reserved 1089536K
  class space    used 5700K, capacity 6067K, committed 6144K, reserved 1048576K
}
Event: 9.714 GC heap after
{Heap after GC invocations=16 (full 0):
 garbage-first heap   total 110592K, used 27875K [0x0000000080000000, 0x0000000100000000)
  region size 1024K, 3 young (3072K), 3 survivors (3072K)
 Metaspace       used 44573K, capacity 45600K, committed 45824K, reserved 1089536K
  class space    used 5700K, capacity 6067K, committed 6144K, reserved 1048576K
}
Event: 10.964 GC heap before
{Heap before GC invocations=16 (full 0):
 garbage-first heap   total 110592K, used 76003K [0x0000000080000000, 0x0000000100000000)
  region size 1024K, 44 young (45056K), 3 survivors (3072K)
 Metaspace       used 48940K, capacity 50178K, committed 50432K, reserved 1093632K
  class space    used 6216K, capacity 6617K, committed 6656K, reserved 1048576K
}
Event: 10.979 GC heap after
{Heap after GC invocations=17 (full 0):
 garbage-first heap   total 110592K, used 42487K [0x0000000080000000, 0x0000000100000000)
  region size 1024K, 6 young (6144K), 6 survivors (6144K)
 Metaspace       used 48940K, capacity 50178K, committed 50432K, reserved 1093632K
  class space    used 6216K, capacity 6617K, committed 6656K, reserved 1048576K
}
Event: 11.950 GC heap before
{Heap before GC invocations=17 (full 0):
 garbage-first heap   total 110592K, used 79351K [0x0000000080000000, 0x0000000100000000)
  region size 1024K, 42 young (43008K), 6 survivors (6144K)
 Metaspace       used 53769K, capacity 55147K, committed 55296K, reserved 1097728K
  class space    used 6852K, capacity 7309K, committed 7424K, reserved 1048576K
}
Event: 11.959 GC heap after
{Heap after GC invocations=18 (full 0):
 garbage-first heap   total 110592K, used 44240K [0x0000000080000000, 0x0000000100000000)
  region size 1024K, 2 young (2048K), 2 survivors (2048K)
 Metaspace       used 53769K, capacity 55147K, committed 55296K, reserved 1097728K
  class space    used 6852K, capacity 7309K, committed 7424K, reserved 1048576K
}
Event: 12.859 GC heap before
{Heap before GC invocations=18 (full 0):
 garbage-first heap   total 110592K, used 81104K [0x0000000080000000, 0x0000000100000000)
  region size 1024K, 38 young (38912K), 2 survivors (2048K)
 Metaspace       used 58276K, capacity 59726K, committed 60032K, reserved 1101824K
  class space    used 7409K, capacity 7955K, committed 8064K, reserved 1048576K
}
Event: 12.869 GC heap after
{Heap after GC invocations=19 (full 0):
 garbage-first heap   total 110592K, used 47458K [0x0000000080000000, 0x0000000100000000)
  region size 1024K, 5 young (5120K), 5 survivors (5120K)
 Metaspace       used 58276K, capacity 59726K, committed 60032K, reserved 1101824K
  class space    used 7409K, capacity 7955K, committed 8064K, reserved 1048576K
}
Event: 12.954 GC heap before
{Heap before GC invocations=19 (full 0):
 garbage-first heap   total 110592K, used 50530K [0x0000000080000000, 0x0000000100000000)
  region size 1024K, 9 young (9216K), 5 survivors (5120K)
 Metaspace       used 58561K, capacity 59990K, committed 60160K, reserved 1101824K
  class space    used 7433K, capacity 7957K, committed 8064K, reserved 1048576K
}
Event: 12.977 GC heap after
{Heap after GC invocations=20 (full 0):
 garbage-first heap   total 133120K, used 48680K [0x0000000080000000, 0x0000000100000000)
  region size 1024K, 2 young (2048K), 2 survivors (2048K)
 Metaspace       used 58561K, capacity 59990K, committed 60160K, reserved 1101824K
  class space    used 7433K, capacity 7957K, committed 8064K, reserved 1048576K
}
Event: 14.112 GC heap before
{Heap before GC invocations=21 (full 0):
 garbage-first heap   total 133120K, used 88616K [0x0000000080000000, 0x0000000100000000)
  region size 1024K, 41 young (41984K), 2 survivors (2048K)
 Metaspace       used 61657K, capacity 63134K, committed 63488K, reserved 1103872K
  class space    used 7825K, capacity 8335K, committed 8448K, reserved 1048576K
}
Event: 14.121 GC heap after
{Heap after GC invocations=22 (full 0):
 garbage-first heap   total 133120K, used 50557K [0x0000000080000000, 0x0000000100000000)
  region size 1024K, 4 young (4096K), 4 survivors (4096K)
 Metaspace       used 61657K, capacity 63134K, committed 63488K, reserved 1103872K
  class space    used 7825K, capacity 8335K, committed 8448K, reserved 1048576K
}
Event: 15.018 GC heap before
{Heap before GC invocations=22 (full 0):
 garbage-first heap   total 133120K, used 92541K [0x0000000080000000, 0x0000000100000000)
  region size 1024K, 45 young (46080K), 4 survivors (4096K)
 Metaspace       used 65692K, capacity 67170K, committed 67456K, reserved 1107968K
  class space    used 8499K, capacity 9019K, committed 9088K, reserved 1048576K
}
Event: 15.031 GC heap after
{Heap after GC invocations=23 (full 0):
 garbage-first heap   total 133120K, used 53397K [0x0000000080000000, 0x0000000100000000)
  region size 1024K, 6 young (6144K), 6 survivors (6144K)
 Metaspace       used 65692K, capacity 67170K, committed 67456K, reserved 1107968K
  class space    used 8499K, capacity 9019K, committed 9088K, reserved 1048576K
}
Event: 16.042 GC heap before
{Heap before GC invocations=23 (full 0):
 garbage-first heap   total 133120K, used 96405K [0x0000000080000000, 0x0000000100000000)
  region size 1024K, 48 young (49152K), 6 survivors (6144K)
 Metaspace       used 69627K, capacity 71237K, committed 71424K, reserved 1112064K
  class space    used 9059K, capacity 9611K, committed 9728K, reserved 1048576K
}
Event: 16.060 GC heap after
{Heap after GC invocations=24 (full 0):
 garbage-first heap   total 133120K, used 56712K [0x0000000080000000, 0x0000000100000000)
  region size 1024K, 6 young (6144K), 6 survivors (6144K)
 Metaspace       used 69627K, capacity 71237K, committed 71424K, reserved 1112064K
  class space    used 9059K, capacity 9611K, committed 9728K, reserved 1048576K
}

