# JRE version: OpenJDK Runtime Environment (11.0.8+10) (build 11.0.8+10-b944.6842174)
# Java VM: OpenJDK 64-Bit Server VM (11.0.8+10-b944.6842174, mixed mode, tiered, compressed oops, g1 gc, windows-amd64)
Heap:
 garbage-first heap   total 753664K, used 210223K [0x0000000080000000, 0x0000000100000000)
  region size 1024K, 2 young (2048K), 2 survivors (2048K)
 Metaspace       used 114151K, capacity 117052K, committed 117200K, reserved 1150976K
  class space    used 14004K, capacity 15027K, committed 15104K, reserved 1048576K
GC Heap History (20 events):
Event: 661.927 GC heap after
{Heap after GC invocations=99 (full 0):
 garbage-first heap   total 390144K, used 112889K [0x0000000080000000, 0x0000000100000000)
  region size 1024K, 1 young (1024K), 1 survivors (1024K)
 Metaspace       used 113566K, capacity 116342K, committed 116560K, reserved 1150976K
  class space    used 13941K, capacity 14953K, committed 14976K, reserved 1048576K
}
Event: 663.288 GC heap before
{Heap before GC invocations=99 (full 0):
 garbage-first heap   total 390144K, used 323833K [0x0000000080000000, 0x0000000100000000)
  region size 1024K, 207 young (211968K), 1 survivors (1024K)
 Metaspace       used 113579K, capacity 116406K, committed 116560K, reserved 1150976K
  class space    used 13943K, capacity 14953K, committed 14976K, reserved 1048576K
}
Event: 663.300 GC heap after
{Heap after GC invocations=100 (full 0):
 garbage-first heap   total 390144K, used 114670K [0x0000000080000000, 0x0000000100000000)
  region size 1024K, 3 young (3072K), 3 survivors (3072K)
 Metaspace       used 113579K, capacity 116406K, committed 116560K, reserved 1150976K
  class space    used 13943K, capacity 14953K, committed 14976K, reserved 1048576K
}
Event: 665.260 GC heap before
{Heap before GC invocations=101 (full 0):
 garbage-first heap   total 390144K, used 326638K [0x0000000080000000, 0x0000000100000000)
  region size 1024K, 210 young (215040K), 3 survivors (3072K)
 Metaspace       used 113584K, capacity 116406K, committed 116560K, reserved 1150976K
  class space    used 13944K, capacity 14953K, committed 14976K, reserved 1048576K
}
Event: 665.282 GC heap after
{Heap after GC invocations=102 (full 0):
 garbage-first heap   total 390144K, used 116972K [0x0000000080000000, 0x0000000100000000)
  region size 1024K, 5 young (5120K), 5 survivors (5120K)
 Metaspace       used 113584K, capacity 116406K, committed 116560K, reserved 1150976K
  class space    used 13944K, capacity 14953K, committed 14976K, reserved 1048576K
}
Event: 665.364 GC heap before
{Heap before GC invocations=102 (full 0):
 garbage-first heap   total 390144K, used 131308K [0x0000000080000000, 0x0000000100000000)
  region size 1024K, 19 young (19456K), 5 survivors (5120K)
 Metaspace       used 113584K, capacity 116406K, committed 116560K, reserved 1150976K
  class space    used 13944K, capacity 14953K, committed 14976K, reserved 1048576K
}
Event: 665.381 GC heap after
{Heap after GC invocations=103 (full 0):
 garbage-first heap   total 390144K, used 113112K [0x0000000080000000, 0x0000000100000000)
  region size 1024K, 1 young (1024K), 1 survivors (1024K)
 Metaspace       used 113584K, capacity 116406K, committed 116560K, reserved 1150976K
  class space    used 13944K, capacity 14953K, committed 14976K, reserved 1048576K
}
Event: 666.188 GC heap before
{Heap before GC invocations=103 (full 0):
 garbage-first heap   total 390144K, used 277976K [0x0000000080000000, 0x0000000100000000)
  region size 1024K, 163 young (166912K), 1 survivors (1024K)
 Metaspace       used 113607K, capacity 116429K, committed 116560K, reserved 1150976K
  class space    used 13949K, capacity 14961K, committed 14976K, reserved 1048576K
}
Event: 666.203 GC heap after
{Heap after GC invocations=104 (full 0):
 garbage-first heap   total 390144K, used 116685K [0x0000000080000000, 0x0000000100000000)
  region size 1024K, 5 young (5120K), 5 survivors (5120K)
 Metaspace       used 113607K, capacity 116429K, committed 116560K, reserved 1150976K
  class space    used 13949K, capacity 14961K, committed 14976K, reserved 1048576K
}
Event: 668.943 GC heap before
{Heap before GC invocations=105 (full 0):
 garbage-first heap   total 390144K, used 356301K [0x0000000080000000, 0x0000000100000000)
  region size 1024K, 211 young (216064K), 5 survivors (5120K)
 Metaspace       used 114083K, capacity 116896K, committed 117200K, reserved 1150976K
  class space    used 14000K, capacity 15019K, committed 15104K, reserved 1048576K
}
Event: 669.224 GC heap after
{Heap after GC invocations=106 (full 0):
 garbage-first heap   total 417792K, used 181163K [0x0000000080000000, 0x0000000100000000)
  region size 1024K, 27 young (27648K), 27 survivors (27648K)
 Metaspace       used 114083K, capacity 116896K, committed 117200K, reserved 1150976K
  class space    used 14000K, capacity 15019K, committed 15104K, reserved 1048576K
}
Event: 669.295 GC heap before
{Heap before GC invocations=106 (full 0):
 garbage-first heap   total 417792K, used 182187K [0x0000000080000000, 0x0000000100000000)
  region size 1024K, 28 young (28672K), 27 survivors (27648K)
 Metaspace       used 114083K, capacity 116896K, committed 117200K, reserved 1150976K
  class space    used 14000K, capacity 15019K, committed 15104K, reserved 1048576K
}
Event: 669.443 GC heap after
{Heap after GC invocations=107 (full 0):
 garbage-first heap   total 417792K, used 182016K [0x0000000080000000, 0x0000000100000000)
  region size 1024K, 2 young (2048K), 2 survivors (2048K)
 Metaspace       used 114083K, capacity 116896K, committed 117200K, reserved 1150976K
  class space    used 14000K, capacity 15019K, committed 15104K, reserved 1048576K
}
Event: 669.484 GC heap before
{Heap before GC invocations=107 (full 0):
 garbage-first heap   total 417792K, used 185088K [0x0000000080000000, 0x0000000100000000)
  region size 1024K, 6 young (6144K), 2 survivors (2048K)
 Metaspace       used 114087K, capacity 116896K, committed 117200K, reserved 1150976K
  class space    used 14000K, capacity 15019K, committed 15104K, reserved 1048576K
}
Event: 669.503 GC heap after
{Heap after GC invocations=108 (full 0):
 garbage-first heap   total 417792K, used 181470K [0x0000000080000000, 0x0000000100000000)
  region size 1024K, 2 young (2048K), 2 survivors (2048K)
 Metaspace       used 114087K, capacity 116896K, committed 117200K, reserved 1150976K
  class space    used 14000K, capacity 15019K, committed 15104K, reserved 1048576K
}
Event: 672.876 GC heap before
{Heap before GC invocations=109 (full 0):
 garbage-first heap   total 417792K, used 352478K [0x0000000080000000, 0x0000000100000000)
  region size 1024K, 145 young (148480K), 2 survivors (2048K)
 Metaspace       used 114119K, capacity 116911K, committed 117200K, reserved 1150976K
  class space    used 14002K, capacity 15024K, committed 15104K, reserved 1048576K
}
Event: 672.935 GC heap after
{Heap after GC invocations=110 (full 0):
 garbage-first heap   total 417792K, used 218269K [0x0000000080000000, 0x0000000100000000)
  region size 1024K, 16 young (16384K), 16 survivors (16384K)
 Metaspace       used 114119K, capacity 116911K, committed 117200K, reserved 1150976K
  class space    used 14002K, capacity 15024K, committed 15104K, reserved 1048576K
}
Event: 672.951 GC heap before
{Heap before GC invocations=110 (full 0):
 garbage-first heap   total 417792K, used 222365K [0x0000000080000000, 0x0000000100000000)
  region size 1024K, 20 young (20480K), 16 survivors (16384K)
 Metaspace       used 114119K, capacity 116911K, committed 117200K, reserved 1150976K
  class space    used 14002K, capacity 15024K, committed 15104K, reserved 1048576K
}
Event: 672.995 GC heap after
{Heap after GC invocations=111 (full 0):
 garbage-first heap   total 417792K, used 209331K [0x0000000080000000, 0x0000000100000000)
  region size 1024K, 1 young (1024K), 1 survivors (1024K)
 Metaspace       used 114119K, capacity 116911K, committed 117200K, reserved 1150976K
  class space    used 14002K, capacity 15024K, committed 15104K, reserved 1048576K
}
Event: 674.610 GC heap before
{Heap before GC invocations=111 (full 0):
 garbage-first heap   total 417792K, used 248243K [0x0000000080000000, 0x0000000100000000)
  region size 1024K, 41 young (41984K), 1 survivors (1024K)
 Metaspace       used 114151K, capacity 117052K, committed 117200K, reserved 1150976K
  class space    used 14004K, capacity 15027K, committed 15104K, reserved 1048576K
}

