# JRE version: OpenJDK Runtime Environment (11.0.8+10) (build 11.0.8+10-b944.6842174)
# Java VM: OpenJDK 64-Bit Server VM (11.0.8+10-b944.6842174, mixed mode, tiered, compressed oops, g1 gc, windows-amd64)
Heap:
 garbage-first heap   total 133120K, used 69833K [0x0000000080000000, 0x0000000100000000)
  region size 1024K, 22 young (22528K), 6 survivors (6144K)
 Metaspace       used 67156K, capacity 68640K, committed 68992K, reserved 1110016K
  class space    used 8691K, capacity 9229K, committed 9344K, reserved 1048576K
GC Heap History (20 events):
Event: 5.695 GC heap before
{Heap before GC invocations=10 (full 0):
 garbage-first heap   total 76800K, used 30587K [0x0000000080000000, 0x0000000100000000)
  region size 1024K, 15 young (15360K), 4 survivors (4096K)
 Metaspace       used 35051K, capacity 35771K, committed 35840K, reserved 1081344K
  class space    used 4559K, capacity 4822K, committed 4864K, reserved 1048576K
}
Event: 5.711 GC heap after
{Heap after GC invocations=11 (full 0):
 garbage-first heap   total 92160K, used 21887K [0x0000000080000000, 0x0000000100000000)
  region size 1024K, 4 young (4096K), 4 survivors (4096K)
 Metaspace       used 35051K, capacity 35771K, committed 35840K, reserved 1081344K
  class space    used 4559K, capacity 4822K, committed 4864K, reserved 1048576K
}
Event: 6.478 GC heap before
{Heap before GC invocations=12 (full 0):
 garbage-first heap   total 92160K, used 56703K [0x0000000080000000, 0x0000000100000000)
  region size 1024K, 35 young (35840K), 4 survivors (4096K)
 Metaspace       used 38619K, capacity 39515K, committed 39680K, reserved 1083392K
  class space    used 4967K, capacity 5272K, committed 5376K, reserved 1048576K
}
Event: 6.489 GC heap after
{Heap after GC invocations=13 (full 0):
 garbage-first heap   total 92160K, used 23415K [0x0000000080000000, 0x0000000100000000)
  region size 1024K, 4 young (4096K), 4 survivors (4096K)
 Metaspace       used 38619K, capacity 39515K, committed 39680K, reserved 1083392K
  class space    used 4967K, capacity 5272K, committed 5376K, reserved 1048576K
}
Event: 7.163 GC heap before
{Heap before GC invocations=13 (full 0):
 garbage-first heap   total 92160K, used 59255K [0x0000000080000000, 0x0000000100000000)
  region size 1024K, 39 young (39936K), 4 survivors (4096K)
 Metaspace       used 41260K, capacity 42142K, committed 42240K, reserved 1085440K
  class space    used 5276K, capacity 5574K, committed 5632K, reserved 1048576K
}
Event: 7.175 GC heap after
{Heap after GC invocations=14 (full 0):
 garbage-first heap   total 92160K, used 25843K [0x0000000080000000, 0x0000000100000000)
  region size 1024K, 4 young (4096K), 4 survivors (4096K)
 Metaspace       used 41260K, capacity 42142K, committed 42240K, reserved 1085440K
  class space    used 5276K, capacity 5574K, committed 5632K, reserved 1048576K
}
Event: 8.083 GC heap before
{Heap before GC invocations=14 (full 0):
 garbage-first heap   total 92160K, used 63731K [0x0000000080000000, 0x0000000100000000)
  region size 1024K, 41 young (41984K), 4 survivors (4096K)
 Metaspace       used 44268K, capacity 45307K, committed 45568K, reserved 1089536K
  class space    used 5681K, capacity 6057K, committed 6144K, reserved 1048576K
}
Event: 8.096 GC heap after
{Heap after GC invocations=15 (full 0):
 garbage-first heap   total 92160K, used 27855K [0x0000000080000000, 0x0000000100000000)
  region size 1024K, 5 young (5120K), 5 survivors (5120K)
 Metaspace       used 44268K, capacity 45307K, committed 45568K, reserved 1089536K
  class space    used 5681K, capacity 6057K, committed 6144K, reserved 1048576K
}
Event: 8.725 GC heap before
{Heap before GC invocations=15 (full 0):
 garbage-first heap   total 92160K, used 70863K [0x0000000080000000, 0x0000000100000000)
  region size 1024K, 41 young (41984K), 5 survivors (5120K)
 Metaspace       used 45183K, capacity 46339K, committed 46464K, reserved 1089536K
  class space    used 5794K, capacity 6167K, committed 6272K, reserved 1048576K
}
Event: 8.740 GC heap after
{Heap after GC invocations=16 (full 0):
 garbage-first heap   total 110592K, used 42864K [0x0000000080000000, 0x0000000100000000)
  region size 1024K, 6 young (6144K), 6 survivors (6144K)
 Metaspace       used 45183K, capacity 46339K, committed 46464K, reserved 1089536K
  class space    used 5794K, capacity 6167K, committed 6272K, reserved 1048576K
}
Event: 9.453 GC heap before
{Heap before GC invocations=16 (full 0):
 garbage-first heap   total 110592K, used 79728K [0x0000000080000000, 0x0000000100000000)
  region size 1024K, 42 young (43008K), 6 survivors (6144K)
 Metaspace       used 50526K, capacity 51773K, committed 51968K, reserved 1093632K
  class space    used 6419K, capacity 6810K, committed 6912K, reserved 1048576K
}
Event: 9.462 GC heap after
{Heap after GC invocations=17 (full 0):
 garbage-first heap   total 110592K, used 44453K [0x0000000080000000, 0x0000000100000000)
  region size 1024K, 2 young (2048K), 2 survivors (2048K)
 Metaspace       used 50526K, capacity 51773K, committed 51968K, reserved 1093632K
  class space    used 6419K, capacity 6810K, committed 6912K, reserved 1048576K
}
Event: 10.506 GC heap before
{Heap before GC invocations=17 (full 0):
 garbage-first heap   total 110592K, used 81317K [0x0000000080000000, 0x0000000100000000)
  region size 1024K, 39 young (39936K), 2 survivors (2048K)
 Metaspace       used 56164K, capacity 57572K, committed 57856K, reserved 1099776K
  class space    used 7140K, capacity 7648K, committed 7680K, reserved 1048576K
}
Event: 10.515 GC heap after
{Heap after GC invocations=18 (full 0):
 garbage-first heap   total 110592K, used 47238K [0x0000000080000000, 0x0000000100000000)
  region size 1024K, 5 young (5120K), 5 survivors (5120K)
 Metaspace       used 56164K, capacity 57572K, committed 57856K, reserved 1099776K
  class space    used 7140K, capacity 7648K, committed 7680K, reserved 1048576K
}
Event: 11.168 GC heap before
{Heap before GC invocations=18 (full 0):
 garbage-first heap   total 110592K, used 73862K [0x0000000080000000, 0x0000000100000000)
  region size 1024K, 32 young (32768K), 5 survivors (5120K)
 Metaspace       used 58579K, capacity 60005K, committed 60160K, reserved 1101824K
  class space    used 7434K, capacity 7957K, committed 8064K, reserved 1048576K
}
Event: 11.184 GC heap after
{Heap after GC invocations=19 (full 0):
 garbage-first heap   total 110592K, used 48984K [0x0000000080000000, 0x0000000100000000)
  region size 1024K, 5 young (5120K), 5 survivors (5120K)
 Metaspace       used 58579K, capacity 60005K, committed 60160K, reserved 1101824K
  class space    used 7434K, capacity 7957K, committed 8064K, reserved 1048576K
}
Event: 12.150 GC heap before
{Heap before GC invocations=20 (full 0):
 garbage-first heap   total 110592K, used 85848K [0x0000000080000000, 0x0000000100000000)
  region size 1024K, 41 young (41984K), 5 survivors (5120K)
 Metaspace       used 61615K, capacity 62970K, committed 63104K, reserved 1103872K
  class space    used 7817K, capacity 8301K, committed 8320K, reserved 1048576K
}
Event: 12.168 GC heap after
{Heap after GC invocations=21 (full 0):
 garbage-first heap   total 133120K, used 51352K [0x0000000080000000, 0x0000000100000000)
  region size 1024K, 5 young (5120K), 5 survivors (5120K)
 Metaspace       used 61615K, capacity 62970K, committed 63104K, reserved 1103872K
  class space    used 7817K, capacity 8301K, committed 8320K, reserved 1048576K
}
Event: 13.159 GC heap before
{Heap before GC invocations=21 (full 0):
 garbage-first heap   total 133120K, used 96408K [0x0000000080000000, 0x0000000100000000)
  region size 1024K, 49 young (50176K), 5 survivors (5120K)
 Metaspace       used 65737K, capacity 67232K, committed 67456K, reserved 1107968K
  class space    used 8505K, capacity 9019K, committed 9088K, reserved 1048576K
}
Event: 13.174 GC heap after
{Heap after GC invocations=22 (full 0):
 garbage-first heap   total 133120K, used 54473K [0x0000000080000000, 0x0000000100000000)
  region size 1024K, 6 young (6144K), 6 survivors (6144K)
 Metaspace       used 65737K, capacity 67232K, committed 67456K, reserved 1107968K
  class space    used 8505K, capacity 9019K, committed 9088K, reserved 1048576K
}

