# JRE version: OpenJDK Runtime Environment (11.0.8+10) (build 11.0.8+10-b944.6842174)
# Java VM: OpenJDK 64-Bit Server VM (11.0.8+10-b944.6842174, mixed mode, tiered, compressed oops, g1 gc, windows-amd64)
Heap:
 garbage-first heap   total 133120K, used 78349K [0x0000000080000000, 0x0000000100000000)
  region size 1024K, 31 young (31744K), 6 survivors (6144K)
 Metaspace       used 67803K, capacity 69354K, committed 69504K, reserved 1110016K
  class space    used 8785K, capacity 9315K, committed 9344K, reserved 1048576K
GC Heap History (20 events):
Event: 5.676 GC heap before
{Heap before GC invocations=10 (full 0):
 garbage-first heap   total 76800K, used 25640K [0x0000000080000000, 0x0000000100000000)
  region size 1024K, 10 young (10240K), 5 survivors (5120K)
 Metaspace       used 35040K, capacity 35777K, committed 35840K, reserved 1081344K
  class space    used 4560K, capacity 4824K, committed 4864K, reserved 1048576K
}
Event: 5.691 GC heap after
{Heap after GC invocations=11 (full 0):
 garbage-first heap   total 92160K, used 22196K [0x0000000080000000, 0x0000000100000000)
  region size 1024K, 1 young (1024K), 1 survivors (1024K)
 Metaspace       used 35040K, capacity 35777K, committed 35840K, reserved 1081344K
  class space    used 4560K, capacity 4824K, committed 4864K, reserved 1048576K
}
Event: 6.466 GC heap before
{Heap before GC invocations=12 (full 0):
 garbage-first heap   total 92160K, used 55988K [0x0000000080000000, 0x0000000100000000)
  region size 1024K, 32 young (32768K), 1 survivors (1024K)
 Metaspace       used 38641K, capacity 39515K, committed 39680K, reserved 1083392K
  class space    used 4969K, capacity 5272K, committed 5376K, reserved 1048576K
}
Event: 6.472 GC heap after
{Heap after GC invocations=13 (full 0):
 garbage-first heap   total 92160K, used 23457K [0x0000000080000000, 0x0000000100000000)
  region size 1024K, 3 young (3072K), 3 survivors (3072K)
 Metaspace       used 38641K, capacity 39515K, committed 39680K, reserved 1083392K
  class space    used 4969K, capacity 5272K, committed 5376K, reserved 1048576K
}
Event: 7.073 GC heap before
{Heap before GC invocations=13 (full 0):
 garbage-first heap   total 92160K, used 57249K [0x0000000080000000, 0x0000000100000000)
  region size 1024K, 36 young (36864K), 3 survivors (3072K)
 Metaspace       used 41123K, capacity 41966K, committed 42240K, reserved 1085440K
  class space    used 5254K, capacity 5536K, committed 5632K, reserved 1048576K
}
Event: 7.082 GC heap after
{Heap after GC invocations=14 (full 0):
 garbage-first heap   total 92160K, used 25610K [0x0000000080000000, 0x0000000100000000)
  region size 1024K, 5 young (5120K), 5 survivors (5120K)
 Metaspace       used 41123K, capacity 41966K, committed 42240K, reserved 1085440K
  class space    used 5254K, capacity 5536K, committed 5632K, reserved 1048576K
}
Event: 8.010 GC heap before
{Heap before GC invocations=14 (full 0):
 garbage-first heap   total 92160K, used 60426K [0x0000000080000000, 0x0000000100000000)
  region size 1024K, 39 young (39936K), 5 survivors (5120K)
 Metaspace       used 43967K, capacity 45023K, committed 45184K, reserved 1089536K
  class space    used 5638K, capacity 6005K, committed 6016K, reserved 1048576K
}
Event: 8.024 GC heap after
{Heap after GC invocations=15 (full 0):
 garbage-first heap   total 92160K, used 27779K [0x0000000080000000, 0x0000000100000000)
  region size 1024K, 5 young (5120K), 5 survivors (5120K)
 Metaspace       used 43967K, capacity 45023K, committed 45184K, reserved 1089536K
  class space    used 5638K, capacity 6005K, committed 6016K, reserved 1048576K
}
Event: 8.550 GC heap before
{Heap before GC invocations=15 (full 0):
 garbage-first heap   total 92160K, used 67715K [0x0000000080000000, 0x0000000100000000)
  region size 1024K, 40 young (40960K), 5 survivors (5120K)
 Metaspace       used 44920K, capacity 46008K, committed 46080K, reserved 1089536K
  class space    used 5758K, capacity 6138K, committed 6144K, reserved 1048576K
}
Event: 8.564 GC heap after
{Heap after GC invocations=16 (full 0):
 garbage-first heap   total 110592K, used 36510K [0x0000000080000000, 0x0000000100000000)
  region size 1024K, 5 young (5120K), 5 survivors (5120K)
 Metaspace       used 44920K, capacity 46008K, committed 46080K, reserved 1089536K
  class space    used 5758K, capacity 6138K, committed 6144K, reserved 1048576K
}
Event: 9.281 GC heap before
{Heap before GC invocations=16 (full 0):
 garbage-first heap   total 110592K, used 78494K [0x0000000080000000, 0x0000000100000000)
  region size 1024K, 45 young (46080K), 5 survivors (5120K)
 Metaspace       used 49895K, capacity 51137K, committed 51328K, reserved 1093632K
  class space    used 6336K, capacity 6726K, committed 6784K, reserved 1048576K
}
Event: 9.293 GC heap after
{Heap after GC invocations=17 (full 0):
 garbage-first heap   total 110592K, used 43647K [0x0000000080000000, 0x0000000100000000)
  region size 1024K, 5 young (5120K), 5 survivors (5120K)
 Metaspace       used 49895K, capacity 51137K, committed 51328K, reserved 1093632K
  class space    used 6336K, capacity 6726K, committed 6784K, reserved 1048576K
}
Event: 10.356 GC heap before
{Heap before GC invocations=17 (full 0):
 garbage-first heap   total 110592K, used 80511K [0x0000000080000000, 0x0000000100000000)
  region size 1024K, 41 young (41984K), 5 survivors (5120K)
 Metaspace       used 55239K, capacity 56635K, committed 56704K, reserved 1097728K
  class space    used 7050K, capacity 7550K, committed 7552K, reserved 1048576K
}
Event: 10.365 GC heap after
{Heap after GC invocations=18 (full 0):
 garbage-first heap   total 110592K, used 45571K [0x0000000080000000, 0x0000000100000000)
  region size 1024K, 2 young (2048K), 2 survivors (2048K)
 Metaspace       used 55239K, capacity 56635K, committed 56704K, reserved 1097728K
  class space    used 7050K, capacity 7550K, committed 7552K, reserved 1048576K
}
Event: 11.049 GC heap before
{Heap before GC invocations=18 (full 0):
 garbage-first heap   total 110592K, used 78339K [0x0000000080000000, 0x0000000100000000)
  region size 1024K, 35 young (35840K), 2 survivors (2048K)
 Metaspace       used 58524K, capacity 59998K, committed 60160K, reserved 1101824K
  class space    used 7434K, capacity 7956K, committed 8064K, reserved 1048576K
}
Event: 11.061 GC heap after
{Heap after GC invocations=19 (full 0):
 garbage-first heap   total 110592K, used 48796K [0x0000000080000000, 0x0000000100000000)
  region size 1024K, 5 young (5120K), 5 survivors (5120K)
 Metaspace       used 58524K, capacity 59998K, committed 60160K, reserved 1101824K
  class space    used 7434K, capacity 7956K, committed 8064K, reserved 1048576K
}
Event: 12.018 GC heap before
{Heap before GC invocations=20 (full 0):
 garbage-first heap   total 110592K, used 84636K [0x0000000080000000, 0x0000000100000000)
  region size 1024K, 40 young (40960K), 5 survivors (5120K)
 Metaspace       used 61573K, capacity 62970K, committed 63104K, reserved 1103872K
  class space    used 7816K, capacity 8301K, committed 8320K, reserved 1048576K
}
Event: 12.036 GC heap after
{Heap after GC invocations=21 (full 0):
 garbage-first heap   total 133120K, used 50704K [0x0000000080000000, 0x0000000100000000)
  region size 1024K, 3 young (3072K), 3 survivors (3072K)
 Metaspace       used 61573K, capacity 62970K, committed 63104K, reserved 1103872K
  class space    used 7816K, capacity 8301K, committed 8320K, reserved 1048576K
}
Event: 12.835 GC heap before
{Heap before GC invocations=21 (full 0):
 garbage-first heap   total 133120K, used 93712K [0x0000000080000000, 0x0000000100000000)
  region size 1024K, 45 young (46080K), 3 survivors (3072K)
 Metaspace       used 65289K, capacity 66804K, committed 67072K, reserved 1107968K
  class space    used 8411K, capacity 8920K, committed 8960K, reserved 1048576K
}
Event: 12.848 GC heap after
{Heap after GC invocations=22 (full 0):
 garbage-first heap   total 133120K, used 53773K [0x0000000080000000, 0x0000000100000000)
  region size 1024K, 6 young (6144K), 6 survivors (6144K)
 Metaspace       used 65289K, capacity 66804K, committed 67072K, reserved 1107968K
  class space    used 8411K, capacity 8920K, committed 8960K, reserved 1048576K
}

