# JRE version: OpenJDK Runtime Environment (11.0.8+10) (build 11.0.8+10-b944.6842174)
# Java VM: OpenJDK 64-Bit Server VM (11.0.8+10-b944.6842174, mixed mode, tiered, compressed oops, g1 gc, windows-amd64)
Heap:
 garbage-first heap   total 257024K, used 138701K [0x0000000080000000, 0x0000000100000000)
  region size 1024K, 1 young (1024K), 1 survivors (1024K)
 Metaspace       used 139067K, capacity 142081K, committed 143056K, reserved 1173504K
  class space    used 17111K, capacity 18219K, committed 18432K, reserved 1048576K
GC Heap History (20 events):
Event: 5636.818 GC heap after
{Heap after GC invocations=121 (full 0):
 garbage-first heap   total 200704K, used 114022K [0x0000000080000000, 0x0000000100000000)
  region size 1024K, 1 young (1024K), 1 survivors (1024K)
 Metaspace       used 135033K, capacity 138000K, committed 139088K, reserved 1171456K
  class space    used 16716K, capacity 17785K, committed 18048K, reserved 1048576K
}
Event: 5636.982 GC heap before
{Heap before GC invocations=121 (full 0):
 garbage-first heap   total 200704K, used 121190K [0x0000000080000000, 0x0000000100000000)
  region size 1024K, 9 young (9216K), 1 survivors (1024K)
 Metaspace       used 135092K, capacity 138064K, committed 139344K, reserved 1171456K
  class space    used 16716K, capacity 17785K, committed 18048K, reserved 1048576K
}
Event: 5637.004 GC heap after
{Heap after GC invocations=122 (full 0):
 garbage-first heap   total 200704K, used 113978K [0x0000000080000000, 0x0000000100000000)
  region size 1024K, 1 young (1024K), 1 survivors (1024K)
 Metaspace       used 135092K, capacity 138064K, committed 139344K, reserved 1171456K
  class space    used 16716K, capacity 17785K, committed 18048K, reserved 1048576K
}
Event: 5637.766 GC heap before
{Heap before GC invocations=122 (full 0):
 garbage-first heap   total 200704K, used 155962K [0x0000000080000000, 0x0000000100000000)
  region size 1024K, 43 young (44032K), 1 survivors (1024K)
 Metaspace       used 135178K, capacity 138129K, committed 139344K, reserved 1171456K
  class space    used 16716K, capacity 17785K, committed 18048K, reserved 1048576K
}
Event: 5637.782 GC heap after
{Heap after GC invocations=123 (full 0):
 garbage-first heap   total 200704K, used 120992K [0x0000000080000000, 0x0000000100000000)
  region size 1024K, 6 young (6144K), 6 survivors (6144K)
 Metaspace       used 135178K, capacity 138129K, committed 139344K, reserved 1171456K
  class space    used 16716K, capacity 17785K, committed 18048K, reserved 1048576K
}
Event: 5638.657 GC heap before
{Heap before GC invocations=124 (full 0):
 garbage-first heap   total 200704K, used 166048K [0x0000000080000000, 0x0000000100000000)
  region size 1024K, 47 young (48128K), 6 survivors (6144K)
 Metaspace       used 135330K, capacity 138323K, committed 139600K, reserved 1171456K
  class space    used 16716K, capacity 17785K, committed 18048K, reserved 1048576K
}
Event: 5638.691 GC heap after
{Heap after GC invocations=125 (full 0):
 garbage-first heap   total 200704K, used 130949K [0x0000000080000000, 0x0000000100000000)
  region size 1024K, 6 young (6144K), 6 survivors (6144K)
 Metaspace       used 135330K, capacity 138323K, committed 139600K, reserved 1171456K
  class space    used 16716K, capacity 17785K, committed 18048K, reserved 1048576K
}
Event: 5638.772 GC heap before
{Heap before GC invocations=125 (full 0):
 garbage-first heap   total 200704K, used 134021K [0x0000000080000000, 0x0000000100000000)
  region size 1024K, 9 young (9216K), 6 survivors (6144K)
 Metaspace       used 135409K, capacity 138328K, committed 139600K, reserved 1171456K
  class space    used 16727K, capacity 17787K, committed 18048K, reserved 1048576K
}
Event: 5638.802 GC heap after
{Heap after GC invocations=126 (full 0):
 garbage-first heap   total 200704K, used 129556K [0x0000000080000000, 0x0000000100000000)
  region size 1024K, 1 young (1024K), 1 survivors (1024K)
 Metaspace       used 135409K, capacity 138328K, committed 139600K, reserved 1171456K
  class space    used 16727K, capacity 17787K, committed 18048K, reserved 1048576K
}
Event: 5639.070 GC heap before
{Heap before GC invocations=126 (full 0):
 garbage-first heap   total 200704K, used 139796K [0x0000000080000000, 0x0000000100000000)
  region size 1024K, 13 young (13312K), 1 survivors (1024K)
 Metaspace       used 135732K, capacity 138736K, committed 139984K, reserved 1171456K
  class space    used 16758K, capacity 17839K, committed 18176K, reserved 1048576K
}
Event: 5639.082 GC heap after
{Heap after GC invocations=127 (full 0):
 garbage-first heap   total 200704K, used 130133K [0x0000000080000000, 0x0000000100000000)
  region size 1024K, 2 young (2048K), 2 survivors (2048K)
 Metaspace       used 135732K, capacity 138736K, committed 139984K, reserved 1171456K
  class space    used 16758K, capacity 17839K, committed 18176K, reserved 1048576K
}
Event: 5640.349 GC heap before
{Heap before GC invocations=128 (full 0):
 garbage-first heap   total 200704K, used 174165K [0x0000000080000000, 0x0000000100000000)
  region size 1024K, 37 young (37888K), 2 survivors (2048K)
 Metaspace       used 137776K, capacity 140816K, committed 141776K, reserved 1173504K
  class space    used 17020K, capacity 18147K, committed 18432K, reserved 1048576K
}
Event: 5640.382 GC heap after
{Heap after GC invocations=129 (full 0):
 garbage-first heap   total 200704K, used 134469K [0x0000000080000000, 0x0000000100000000)
  region size 1024K, 5 young (5120K), 5 survivors (5120K)
 Metaspace       used 137776K, capacity 140816K, committed 141776K, reserved 1173504K
  class space    used 17020K, capacity 18147K, committed 18432K, reserved 1048576K
}
Event: 5640.496 GC heap before
{Heap before GC invocations=129 (full 0):
 garbage-first heap   total 200704K, used 144709K [0x0000000080000000, 0x0000000100000000)
  region size 1024K, 9 young (9216K), 5 survivors (5120K)
 Metaspace       used 137779K, capacity 140816K, committed 141776K, reserved 1173504K
  class space    used 17020K, capacity 18147K, committed 18432K, reserved 1048576K
}
Event: 5640.530 GC heap after
{Heap after GC invocations=130 (full 0):
 garbage-first heap   total 200704K, used 139734K [0x0000000080000000, 0x0000000100000000)
  region size 1024K, 2 young (2048K), 2 survivors (2048K)
 Metaspace       used 137779K, capacity 140816K, committed 141776K, reserved 1173504K
  class space    used 17020K, capacity 18147K, committed 18432K, reserved 1048576K
}
Event: 5640.543 GC heap before
{Heap before GC invocations=130 (full 0):
 garbage-first heap   total 200704K, used 139734K [0x0000000080000000, 0x0000000100000000)
  region size 1024K, 3 young (3072K), 2 survivors (2048K)
 Metaspace       used 137779K, capacity 140816K, committed 141776K, reserved 1173504K
  class space    used 17020K, capacity 18147K, committed 18432K, reserved 1048576K
}
Event: 5640.558 GC heap after
{Heap after GC invocations=131 (full 0):
 garbage-first heap   total 200704K, used 139982K [0x0000000080000000, 0x0000000100000000)
  region size 1024K, 3 young (3072K), 3 survivors (3072K)
 Metaspace       used 137779K, capacity 140816K, committed 141776K, reserved 1173504K
  class space    used 17020K, capacity 18147K, committed 18432K, reserved 1048576K
}
Event: 5641.383 GC heap before
{Heap before GC invocations=132 (full 0):
 garbage-first heap   total 200704K, used 164558K [0x0000000080000000, 0x0000000100000000)
  region size 1024K, 20 young (20480K), 3 survivors (3072K)
 Metaspace       used 138128K, capacity 141184K, committed 142032K, reserved 1173504K
  class space    used 17045K, capacity 18155K, committed 18432K, reserved 1048576K
}
Event: 5641.396 GC heap after
{Heap after GC invocations=133 (full 0):
 garbage-first heap   total 200704K, used 138641K [0x0000000080000000, 0x0000000100000000)
  region size 1024K, 3 young (3072K), 3 survivors (3072K)
 Metaspace       used 138128K, capacity 141184K, committed 142032K, reserved 1173504K
  class space    used 17045K, capacity 18155K, committed 18432K, reserved 1048576K
}
Event: 5641.651 GC heap before
{Heap before GC invocations=133 (full 0):
 garbage-first heap   total 200704K, used 143761K [0x0000000080000000, 0x0000000100000000)
  region size 1024K, 9 young (9216K), 3 survivors (3072K)
 Metaspace       used 139067K, capacity 142081K, committed 143056K, reserved 1173504K
  class space    used 17111K, capacity 18219K, committed 18432K, reserved 1048576K
}

