# JRE version: OpenJDK Runtime Environment (11.0.8+10) (build 11.0.8+10-b944.6842174)
# Java VM: OpenJDK 64-Bit Server VM (11.0.8+10-b944.6842174, mixed mode, tiered, compressed oops, g1 gc, windows-amd64)
Heap:
 garbage-first heap   total 98304K, used 49888K [0x00000000c2800000, 0x0000000100000000)
  region size 1024K, 19 young (19456K), 2 survivors (2048K)
 Metaspace       used 49708K, capacity 50285K, committed 50588K, reserved 1093632K
  class space    used 5791K, capacity 6008K, committed 6092K, reserved 1048576K
GC Heap History (18 events):
Event: 0.591 GC heap before
{Heap before GC invocations=0 (full 0):
 garbage-first heap   total 63488K, used 17408K [0x00000000c2800000, 0x0000000100000000)
  region size 1024K, 14 young (14336K), 0 survivors (0K)
 Metaspace       used 9786K, capacity 9935K, committed 10112K, reserved 1058816K
  class space    used 832K, capacity 884K, committed 896K, reserved 1048576K
}
Event: 0.595 GC heap after
{Heap after GC invocations=1 (full 0):
 garbage-first heap   total 63488K, used 5124K [0x00000000c2800000, 0x0000000100000000)
  region size 1024K, 2 young (2048K), 2 survivors (2048K)
 Metaspace       used 9786K, capacity 9935K, committed 10112K, reserved 1058816K
  class space    used 832K, capacity 884K, committed 896K, reserved 1048576K
}
Event: 1.763 GC heap before
{Heap before GC invocations=1 (full 0):
 garbage-first heap   total 63488K, used 40964K [0x00000000c2800000, 0x0000000100000000)
  region size 1024K, 37 young (37888K), 2 survivors (2048K)
 Metaspace       used 17939K, capacity 18115K, committed 18304K, reserved 1064960K
  class space    used 1829K, capacity 1904K, committed 1920K, reserved 1048576K
}
Event: 1.781 GC heap after
{Heap after GC invocations=2 (full 0):
 garbage-first heap   total 63488K, used 8829K [0x00000000c2800000, 0x0000000100000000)
  region size 1024K, 5 young (5120K), 5 survivors (5120K)
 Metaspace       used 17939K, capacity 18115K, committed 18304K, reserved 1064960K
  class space    used 1829K, capacity 1904K, committed 1920K, reserved 1048576K
}
Event: 2.027 GC heap before
{Heap before GC invocations=2 (full 0):
 garbage-first heap   total 63488K, used 19069K [0x00000000c2800000, 0x0000000100000000)
  region size 1024K, 16 young (16384K), 5 survivors (5120K)
 Metaspace       used 20911K, capacity 21101K, committed 21248K, reserved 1069056K
  class space    used 2220K, capacity 2286K, committed 2304K, reserved 1048576K
}
Event: 2.040 GC heap after
{Heap after GC invocations=3 (full 0):
 garbage-first heap   total 63488K, used 9548K [0x00000000c2800000, 0x0000000100000000)
  region size 1024K, 1 young (1024K), 1 survivors (1024K)
 Metaspace       used 20911K, capacity 21101K, committed 21248K, reserved 1069056K
  class space    used 2220K, capacity 2286K, committed 2304K, reserved 1048576K
}
Event: 2.694 GC heap before
{Heap before GC invocations=4 (full 0):
 garbage-first heap   total 63488K, used 37196K [0x00000000c2800000, 0x0000000100000000)
  region size 1024K, 23 young (23552K), 1 survivors (1024K)
 Metaspace       used 26585K, capacity 26960K, committed 27132K, reserved 1073152K
  class space    used 2845K, capacity 2973K, committed 3072K, reserved 1048576K
}
Event: 2.700 GC heap after
{Heap after GC invocations=5 (full 0):
 garbage-first heap   total 63488K, used 17143K [0x00000000c2800000, 0x0000000100000000)
  region size 1024K, 3 young (3072K), 3 survivors (3072K)
 Metaspace       used 26585K, capacity 26960K, committed 27132K, reserved 1073152K
  class space    used 2845K, capacity 2973K, committed 3072K, reserved 1048576K
}
Event: 3.374 GC heap before
{Heap before GC invocations=5 (full 0):
 garbage-first heap   total 63488K, used 40695K [0x00000000c2800000, 0x0000000100000000)
  region size 1024K, 25 young (25600K), 3 survivors (3072K)
 Metaspace       used 30519K, capacity 30888K, committed 30972K, reserved 1077248K
  class space    used 3622K, capacity 3792K, committed 3840K, reserved 1048576K
}
Event: 3.395 GC heap after
{Heap after GC invocations=6 (full 0):
 garbage-first heap   total 76800K, used 22944K [0x00000000c2800000, 0x0000000100000000)
  region size 1024K, 4 young (4096K), 4 survivors (4096K)
 Metaspace       used 30519K, capacity 30888K, committed 30972K, reserved 1077248K
  class space    used 3622K, capacity 3792K, committed 3840K, reserved 1048576K
}
Event: 4.119 GC heap before
{Heap before GC invocations=6 (full 0):
 garbage-first heap   total 76800K, used 47520K [0x00000000c2800000, 0x0000000100000000)
  region size 1024K, 29 young (29696K), 4 survivors (4096K)
 Metaspace       used 35617K, capacity 36020K, committed 36048K, reserved 1081344K
  class space    used 4178K, capacity 4348K, committed 4352K, reserved 1048576K
}
Event: 4.138 GC heap after
{Heap after GC invocations=7 (full 0):
 garbage-first heap   total 76800K, used 25836K [0x00000000c2800000, 0x0000000100000000)
  region size 1024K, 3 young (3072K), 3 survivors (3072K)
 Metaspace       used 35617K, capacity 36020K, committed 36048K, reserved 1081344K
  class space    used 4178K, capacity 4348K, committed 4352K, reserved 1048576K
}
Event: 4.823 GC heap before
{Heap before GC invocations=8 (full 0):
 garbage-first heap   total 76800K, used 50412K [0x00000000c2800000, 0x0000000100000000)
  region size 1024K, 28 young (28672K), 3 survivors (3072K)
 Metaspace       used 41389K, capacity 41871K, committed 42012K, reserved 1085440K
  class space    used 4940K, capacity 5125K, committed 5196K, reserved 1048576K
}
Event: 4.837 GC heap after
{Heap after GC invocations=9 (full 0):
 garbage-first heap   total 76800K, used 27648K [0x00000000c2800000, 0x0000000100000000)
  region size 1024K, 2 young (2048K), 2 survivors (2048K)
 Metaspace       used 41389K, capacity 41871K, committed 42012K, reserved 1085440K
  class space    used 4940K, capacity 5125K, committed 5196K, reserved 1048576K
}
Event: 5.687 GC heap before
{Heap before GC invocations=9 (full 0):
 garbage-first heap   total 76800K, used 53248K [0x00000000c2800000, 0x0000000100000000)
  region size 1024K, 27 young (27648K), 2 survivors (2048K)
 Metaspace       used 44844K, capacity 45287K, committed 45468K, reserved 1089536K
  class space    used 5312K, capacity 5475K, committed 5580K, reserved 1048576K
}
Event: 5.711 GC heap after
{Heap after GC invocations=10 (full 0):
 garbage-first heap   total 76800K, used 31744K [0x00000000c2800000, 0x0000000100000000)
  region size 1024K, 4 young (4096K), 4 survivors (4096K)
 Metaspace       used 44844K, capacity 45287K, committed 45468K, reserved 1089536K
  class space    used 5312K, capacity 5475K, committed 5580K, reserved 1048576K
}
Event: 6.015 GC heap before
{Heap before GC invocations=10 (full 0):
 garbage-first heap   total 76800K, used 55296K [0x00000000c2800000, 0x0000000100000000)
  region size 1024K, 28 young (28672K), 4 survivors (4096K)
 Metaspace       used 46010K, capacity 46518K, committed 46876K, reserved 1091584K
  class space    used 5411K, capacity 5606K, committed 5708K, reserved 1048576K
}
Event: 6.032 GC heap after
{Heap after GC invocations=11 (full 0):
 garbage-first heap   total 98304K, used 33504K [0x00000000c2800000, 0x0000000100000000)
  region size 1024K, 2 young (2048K), 2 survivors (2048K)
 Metaspace       used 46010K, capacity 46518K, committed 46876K, reserved 1091584K
  class space    used 5411K, capacity 5606K, committed 5708K, reserved 1048576K
}

