# JRE version: OpenJDK Runtime Environment (11.0.8+10) (build 11.0.8+10-b944.6842174)
# Java VM: OpenJDK 64-Bit Server VM (11.0.8+10-b944.6842174, mixed mode, tiered, compressed oops, g1 gc, windows-amd64)
Heap:
 garbage-first heap   total 76800K, used 29002K [0x00000000c2800000, 0x0000000100000000)
  region size 1024K, 10 young (10240K), 3 survivors (3072K)
 Metaspace       used 32025K, capacity 32488K, committed 32764K, reserved 1077248K
  class space    used 3803K, capacity 3984K, committed 4096K, reserved 1048576K
GC Heap History (10 events):
Event: 0.583 GC heap before
{Heap before GC invocations=0 (full 0):
 garbage-first heap   total 63488K, used 17408K [0x00000000c2800000, 0x0000000100000000)
  region size 1024K, 14 young (14336K), 0 survivors (0K)
 Metaspace       used 9786K, capacity 9935K, committed 10112K, reserved 1058816K
  class space    used 832K, capacity 884K, committed 896K, reserved 1048576K
}
Event: 0.587 GC heap after
{Heap after GC invocations=1 (full 0):
 garbage-first heap   total 63488K, used 5144K [0x00000000c2800000, 0x0000000100000000)
  region size 1024K, 2 young (2048K), 2 survivors (2048K)
 Metaspace       used 9786K, capacity 9935K, committed 10112K, reserved 1058816K
  class space    used 832K, capacity 884K, committed 896K, reserved 1048576K
}
Event: 1.610 GC heap before
{Heap before GC invocations=1 (full 0):
 garbage-first heap   total 63488K, used 40984K [0x00000000c2800000, 0x0000000100000000)
  region size 1024K, 37 young (37888K), 2 survivors (2048K)
 Metaspace       used 18052K, capacity 18211K, committed 18432K, reserved 1064960K
  class space    used 1844K, capacity 1936K, committed 2048K, reserved 1048576K
}
Event: 1.624 GC heap after
{Heap after GC invocations=2 (full 0):
 garbage-first heap   total 63488K, used 8851K [0x00000000c2800000, 0x0000000100000000)
  region size 1024K, 5 young (5120K), 5 survivors (5120K)
 Metaspace       used 18052K, capacity 18211K, committed 18432K, reserved 1064960K
  class space    used 1844K, capacity 1936K, committed 2048K, reserved 1048576K
}
Event: 1.833 GC heap before
{Heap before GC invocations=2 (full 0):
 garbage-first heap   total 63488K, used 18067K [0x00000000c2800000, 0x0000000100000000)
  region size 1024K, 15 young (15360K), 5 survivors (5120K)
 Metaspace       used 20915K, capacity 21101K, committed 21248K, reserved 1069056K
  class space    used 2220K, capacity 2286K, committed 2304K, reserved 1048576K
}
Event: 1.847 GC heap after
{Heap after GC invocations=3 (full 0):
 garbage-first heap   total 63488K, used 9555K [0x00000000c2800000, 0x0000000100000000)
  region size 1024K, 1 young (1024K), 1 survivors (1024K)
 Metaspace       used 20915K, capacity 21101K, committed 21248K, reserved 1069056K
  class space    used 2220K, capacity 2286K, committed 2304K, reserved 1048576K
}
Event: 2.462 GC heap before
{Heap before GC invocations=4 (full 0):
 garbage-first heap   total 63488K, used 37203K [0x00000000c2800000, 0x0000000100000000)
  region size 1024K, 23 young (23552K), 1 survivors (1024K)
 Metaspace       used 26601K, capacity 26960K, committed 27132K, reserved 1073152K
  class space    used 2845K, capacity 2973K, committed 3072K, reserved 1048576K
}
Event: 2.467 GC heap after
{Heap after GC invocations=5 (full 0):
 garbage-first heap   total 63488K, used 17143K [0x00000000c2800000, 0x0000000100000000)
  region size 1024K, 3 young (3072K), 3 survivors (3072K)
 Metaspace       used 26601K, capacity 26960K, committed 27132K, reserved 1073152K
  class space    used 2845K, capacity 2973K, committed 3072K, reserved 1048576K
}
Event: 3.093 GC heap before
{Heap before GC invocations=5 (full 0):
 garbage-first heap   total 63488K, used 40695K [0x00000000c2800000, 0x0000000100000000)
  region size 1024K, 24 young (24576K), 3 survivors (3072K)
 Metaspace       used 30261K, capacity 30723K, committed 30972K, reserved 1077248K
  class space    used 3582K, capacity 3758K, committed 3840K, reserved 1048576K
}
Event: 3.113 GC heap after
{Heap after GC invocations=6 (full 0):
 garbage-first heap   total 76800K, used 22858K [0x00000000c2800000, 0x0000000100000000)
  region size 1024K, 3 young (3072K), 3 survivors (3072K)
 Metaspace       used 30261K, capacity 30723K, committed 30972K, reserved 1077248K
  class space    used 3582K, capacity 3758K, committed 3840K, reserved 1048576K
}

