# JRE version: OpenJDK Runtime Environment (11.0.8+10) (build 11.0.8+10-b944.6842174)
# Java VM: OpenJDK 64-Bit Server VM (11.0.8+10-b944.6842174, mixed mode, tiered, compressed oops, g1 gc, windows-amd64)
Heap:
 garbage-first heap   total 303104K, used 159232K [0x0000000080000000, 0x0000000100000000)
  region size 1024K, 14 young (14336K), 3 survivors (3072K)
 Metaspace       used 90027K, capacity 92079K, committed 92236K, reserved 1128448K
  class space    used 11753K, capacity 12515K, committed 12620K, reserved 1048576K
GC Heap History (20 events):
Event: 16.766 GC heap before
{Heap before GC invocations=23 (full 0):
 garbage-first heap   total 133120K, used 101381K [0x0000000080000000, 0x0000000100000000)
  region size 1024K, 50 young (51200K), 7 survivors (7168K)
 Metaspace       used 74657K, capacity 76336K, committed 76492K, reserved 1116160K
  class space    used 9769K, capacity 10362K, committed 10444K, reserved 1048576K
}
Event: 16.783 GC heap after
{Heap after GC invocations=24 (full 0):
 garbage-first heap   total 133120K, used 59694K [0x0000000080000000, 0x0000000100000000)
  region size 1024K, 6 young (6144K), 6 survivors (6144K)
 Metaspace       used 74657K, capacity 76336K, committed 76492K, reserved 1116160K
  class space    used 9769K, capacity 10362K, committed 10444K, reserved 1048576K
}
Event: 18.196 GC heap before
{Heap before GC invocations=24 (full 0):
 garbage-first heap   total 133120K, used 102702K [0x0000000080000000, 0x0000000100000000)
  region size 1024K, 49 young (50176K), 6 survivors (6144K)
 Metaspace       used 78420K, capacity 80293K, committed 80588K, reserved 1118208K
  class space    used 10208K, capacity 10842K, committed 10956K, reserved 1048576K
}
Event: 18.217 GC heap after
{Heap after GC invocations=25 (full 0):
 garbage-first heap   total 159744K, used 63203K [0x0000000080000000, 0x0000000100000000)
  region size 1024K, 6 young (6144K), 6 survivors (6144K)
 Metaspace       used 78420K, capacity 80293K, committed 80588K, reserved 1118208K
  class space    used 10208K, capacity 10842K, committed 10956K, reserved 1048576K
}
Event: 20.228 GC heap before
{Heap before GC invocations=25 (full 0):
 garbage-first heap   total 159744K, used 117475K [0x0000000080000000, 0x0000000100000000)
  region size 1024K, 60 young (61440K), 6 survivors (6144K)
 Metaspace       used 79112K, capacity 80982K, committed 81100K, reserved 1120256K
  class space    used 10229K, capacity 10885K, committed 10956K, reserved 1048576K
}
Event: 20.248 GC heap after
{Heap after GC invocations=26 (full 0):
 garbage-first heap   total 159744K, used 66619K [0x0000000080000000, 0x0000000100000000)
  region size 1024K, 7 young (7168K), 7 survivors (7168K)
 Metaspace       used 79112K, capacity 80982K, committed 81100K, reserved 1120256K
  class space    used 10229K, capacity 10885K, committed 10956K, reserved 1048576K
}
Event: 21.962 GC heap before
{Heap before GC invocations=26 (full 0):
 garbage-first heap   total 159744K, used 123963K [0x0000000080000000, 0x0000000100000000)
  region size 1024K, 64 young (65536K), 7 survivors (7168K)
 Metaspace       used 80789K, capacity 82790K, committed 82892K, reserved 1120256K
  class space    used 10447K, capacity 11159K, committed 11212K, reserved 1048576K
}
Event: 21.983 GC heap after
{Heap after GC invocations=27 (full 0):
 garbage-first heap   total 159744K, used 69397K [0x0000000080000000, 0x0000000100000000)
  region size 1024K, 7 young (7168K), 7 survivors (7168K)
 Metaspace       used 80789K, capacity 82790K, committed 82892K, reserved 1120256K
  class space    used 10447K, capacity 11159K, committed 11212K, reserved 1048576K
}
Event: 22.977 GC heap before
{Heap before GC invocations=27 (full 0):
 garbage-first heap   total 159744K, used 134933K [0x0000000080000000, 0x0000000100000000)
  region size 1024K, 64 young (65536K), 7 survivors (7168K)
 Metaspace       used 83733K, capacity 85736K, committed 85836K, reserved 1124352K
  class space    used 10839K, capacity 11560K, committed 11596K, reserved 1048576K
}
Event: 22.996 GC heap after
{Heap after GC invocations=28 (full 0):
 garbage-first heap   total 159744K, used 82362K [0x0000000080000000, 0x0000000100000000)
  region size 1024K, 8 young (8192K), 8 survivors (8192K)
 Metaspace       used 83733K, capacity 85736K, committed 85836K, reserved 1124352K
  class space    used 10839K, capacity 11560K, committed 11596K, reserved 1048576K
}
Event: 23.515 GC heap before
{Heap before GC invocations=28 (full 0):
 garbage-first heap   total 159744K, used 94650K [0x0000000080000000, 0x0000000100000000)
  region size 1024K, 22 young (22528K), 8 survivors (8192K)
 Metaspace       used 85697K, capacity 87700K, committed 87884K, reserved 1126400K
  class space    used 11079K, capacity 11812K, committed 11852K, reserved 1048576K
}
Event: 23.534 GC heap after
{Heap after GC invocations=29 (full 0):
 garbage-first heap   total 192512K, used 84626K [0x0000000080000000, 0x0000000100000000)
  region size 1024K, 3 young (3072K), 3 survivors (3072K)
 Metaspace       used 85697K, capacity 87700K, committed 87884K, reserved 1126400K
  class space    used 11079K, capacity 11812K, committed 11852K, reserved 1048576K
}
Event: 24.306 GC heap before
{Heap before GC invocations=30 (full 0):
 garbage-first heap   total 192512K, used 138898K [0x0000000080000000, 0x0000000100000000)
  region size 1024K, 42 young (43008K), 3 survivors (3072K)
 Metaspace       used 86316K, capacity 88321K, committed 88524K, reserved 1126400K
  class space    used 11166K, capacity 11873K, committed 11980K, reserved 1048576K
}
Event: 24.405 GC heap after
{Heap after GC invocations=31 (full 0):
 garbage-first heap   total 192512K, used 107745K [0x0000000080000000, 0x0000000100000000)
  region size 1024K, 9 young (9216K), 9 survivors (9216K)
 Metaspace       used 86316K, capacity 88321K, committed 88524K, reserved 1126400K
  class space    used 11166K, capacity 11873K, committed 11980K, reserved 1048576K
}
Event: 25.442 GC heap before
{Heap before GC invocations=32 (full 0):
 garbage-first heap   total 192512K, used 149729K [0x0000000080000000, 0x0000000100000000)
  region size 1024K, 49 young (50176K), 9 survivors (9216K)
 Metaspace       used 88280K, capacity 90248K, committed 90316K, reserved 1128448K
  class space    used 11521K, capacity 12233K, committed 12236K, reserved 1048576K
}
Event: 25.539 GC heap after
{Heap after GC invocations=33 (full 0):
 garbage-first heap   total 192512K, used 128301K [0x0000000080000000, 0x0000000100000000)
  region size 1024K, 7 young (7168K), 7 survivors (7168K)
 Metaspace       used 88280K, capacity 90248K, committed 90316K, reserved 1128448K
  class space    used 11521K, capacity 12233K, committed 12236K, reserved 1048576K
}
Event: 25.948 GC heap before
{Heap before GC invocations=33 (full 0):
 garbage-first heap   total 192512K, used 151853K [0x0000000080000000, 0x0000000100000000)
  region size 1024K, 30 young (30720K), 7 survivors (7168K)
 Metaspace       used 88326K, capacity 90312K, committed 90316K, reserved 1128448K
  class space    used 11521K, capacity 12233K, committed 12236K, reserved 1048576K
}
Event: 26.009 GC heap after
{Heap after GC invocations=34 (full 0):
 garbage-first heap   total 192512K, used 142336K [0x0000000080000000, 0x0000000100000000)
  region size 1024K, 4 young (4096K), 4 survivors (4096K)
 Metaspace       used 88326K, capacity 90312K, committed 90316K, reserved 1128448K
  class space    used 11521K, capacity 12233K, committed 12236K, reserved 1048576K
}
Event: 26.737 GC heap before
{Heap before GC invocations=34 (full 0):
 garbage-first heap   total 192512K, used 155648K [0x0000000080000000, 0x0000000100000000)
  region size 1024K, 18 young (18432K), 4 survivors (4096K)
 Metaspace       used 89722K, capacity 91732K, committed 91852K, reserved 1128448K
  class space    used 11702K, capacity 12435K, committed 12492K, reserved 1048576K
}
Event: 26.773 GC heap after
{Heap after GC invocations=35 (full 0):
 garbage-first heap   total 303104K, used 148992K [0x0000000080000000, 0x0000000100000000)
  region size 1024K, 3 young (3072K), 3 survivors (3072K)
 Metaspace       used 89722K, capacity 91732K, committed 91852K, reserved 1128448K
  class space    used 11702K, capacity 12435K, committed 12492K, reserved 1048576K
}

